2019-01-01 19:55:20,895 now crawl http://mp.weixin.qq.com/s?__biz=MzIwMDk5MzMzMQ==&mid=2247484657&idx=2&sn=153d30f97b5650634f2d6f79b89a9988&chksm=96f5fbada18272bbba743fdf0dde43dc6fc95cdfe2acabbb67f10bf9cb504ebd6b0575863f9a#rd
2019-01-01 19:55:22,423 now analyse http://mp.weixin.qq.com/s?__biz=MzIwMDk5MzMzMQ==&mid=2247484657&idx=2&sn=153d30f97b5650634f2d6f79b89a9988&chksm=96f5fbada18272bbba743fdf0dde43dc6fc95cdfe2acabbb67f10bf9cb504ebd6b0575863f9a#rd
2019-01-01 19:55:26,482 save images 14
2019-01-01 19:55:26,605 download image 薤（上）与小根蒜（下）花序对比图 http://mmbiz.qpic.cn/mmbiz_jpg/iacYjljtoTCgSwrmnLVaXg1ibKqa9aXl5BXYkR0ibHia9ouuurRDibjyaIrQpDSIOYGibjKqVGuzJmMcOGMoBmSqXKnQ/0?wx_fmt=jpeg
2019-01-01 19:55:27,407 download image 0 http://mmbiz.qpic.cn/mmbiz_jpg/iacYjljtoTCgSwrmnLVaXg1ibKqa9aXl5BbW6e6aNiaWqltmx1bnria40p4r5zIwWYK8fMSsY1ElMkiah2zSpHKroqA/0?wx_fmt=jpeg
2019-01-01 19:55:28,355 download image 鲜小根蒜地下球茎（呈圆形）
小根蒜药材图（呈不规则卵圆形） http://mmbiz.qpic.cn/mmbiz_jpg/iacYjljtoTCgSwrmnLVaXg1ibKqa9aXl5BmNib1I48n1ibiamSn69xAD0jKGHrZWYBOq2A0RRUcg5zicxMLb6DgqmF5A/0?wx_fmt=jpeg
2019-01-01 19:55:29,953 download image 小根蒜药材图（呈不规则卵圆形） http://mmbiz.qpic.cn/mmbiz_jpg/iacYjljtoTCgSwrmnLVaXg1ibKqa9aXl5B4fHmds7TC1tA2G05QVVVSF04e0RZrzUeibgmyOe5j8gra1q0ur09EEw/0?wx_fmt=jpeg
2019-01-01 19:55:32,621 download image 小根蒜叶片明显短于花葶 http://mmbiz.qpic.cn/mmbiz_jpg/iacYjljtoTCgSwrmnLVaXg1ibKqa9aXl5BFTlqtiaXdfRzHicjqGJDzYb2d3LAicfsYO4S9ZSTyRlicbGxzKzjxrRgcw/0?wx_fmt=jpeg
2019-01-01 19:55:33,930 download image 薤（藠头） Allium  chinensis http://mmbiz.qpic.cn/mmbiz_jpg/iacYjljtoTCgSwrmnLVaXg1ibKqa9aXl5BibluTU6P37ga8cooB2Qc5iad4n6Rl4DNj4VosQUA3ebibjNpI2BfFxohg/0?wx_fmt=jpeg
2019-01-01 19:55:34,838 download image 叶与花葶近等长 http://mmbiz.qpic.cn/mmbiz_jpg/iacYjljtoTCgSwrmnLVaXg1ibKqa9aXl5BSTy0Iic0rTC7RbVScFHia7xxF1W9DRb2SUE1dZibfOWL35kTETia7pB8zA/0?wx_fmt=jpeg
2019-01-01 19:55:36,361 download image 叶与花葶近等长 http://mmbiz.qpic.cn/mmbiz_jpg/iacYjljtoTCgSwrmnLVaXg1ibKqa9aXl5BwSXGmstyopAbqdMn6gClfFgXBJoMGQFFy3xfgwp6zEPKZwicPDbU7ew/0?wx_fmt=jpeg
2019-01-01 19:55:37,798 download image 1 http://mmbiz.qpic.cn/mmbiz_jpg/iacYjljtoTCgSwrmnLVaXg1ibKqa9aXl5B04w2kbtADTzQ4wdNAJxq0Iw1d8mttr9nnzNWzQp2yo7aNkic238cYTA/0?wx_fmt=jpeg
2019-01-01 19:55:38,819 download image 小根蒜花序中紫黑色的珠芽 http://mmbiz.qpic.cn/mmbiz_jpg/iacYjljtoTCgSwrmnLVaXg1ibKqa9aXl5BkVTqIptNmcyHaWicFVdwTXJnK1LhQ83ibRFNFBTnMNcGmlsx8JEWZeXw/0?wx_fmt=jpeg
2019-01-01 19:55:40,372 download image 薤（藠头）药材图（呈长卵形略扁） http://mmbiz.qpic.cn/mmbiz_jpg/iacYjljtoTCgSwrmnLVaXg1ibKqa9aXl5BiaZMsAoTu9H2uCGoE37Ricuedia8G5BzKfibjoQjh8bZPIlWByUhABDOtw/0?wx_fmt=jpeg
2019-01-01 19:55:41,822 download image 小根蒜叶片明显短于花葶 http://mmbiz.qpic.cn/mmbiz_jpg/iacYjljtoTCgSwrmnLVaXg1ibKqa9aXl5BLp17jvjnQJT1YlaEZItCdQmic0xxNjlTeOKXwRwacEEL6HMn8j3mflw/0?wx_fmt=jpeg
2019-01-01 19:55:43,257 download image 小根蒜叶片明显短于花葶 http://mmbiz.qpic.cn/mmbiz_jpg/iacYjljtoTCgSwrmnLVaXg1ibKqa9aXl5BuEiaZwoWdCVK8UWNg4PqesvDmV077IPhvuFxuLtmzDGibnDwFYcCyhNQ/0?wx_fmt=jpeg
2019-01-01 19:55:44,084 download image 小根蒜叶片明显短于花葶 http://mmbiz.qpic.cn/mmbiz_jpg/iacYjljtoTCgSwrmnLVaXg1ibKqa9aXl5B8XDE1nibepfzRG0xYl9TKicjBVicoEar661qLL9jSKvSOpBKk0cyrwkFw/0?wx_fmt=jpeg
2019-01-01 19:55:45,108 now crawl http://mp.weixin.qq.com/s?__biz=MzIwMDk5MzMzMQ==&mid=2247484581&idx=1&sn=28e5696a8c35f4a3924a9f8460a3515f&chksm=96f5fbf9a18272ef5ae2e5adb89774c5658b947464d320c7c4e42a746f23abc4c09ad237d949#rd
2019-01-01 19:55:46,572 now analyse http://mp.weixin.qq.com/s?__biz=MzIwMDk5MzMzMQ==&mid=2247484581&idx=1&sn=28e5696a8c35f4a3924a9f8460a3515f&chksm=96f5fbf9a18272ef5ae2e5adb89774c5658b947464d320c7c4e42a746f23abc4c09ad237d949#rd
2019-01-01 19:55:52,348 save images 9
2019-01-01 19:55:52,466 download image 横根费菜（堪察加费菜）Phedimus kamtschaticus http://mmbiz.qpic.cn/mmbiz_jpg/iacYjljtoTCjmYajAwcfqUEkTgk4iaJDv2zRYyakHiao5HTRIZDW8mueiciaoZfibAg7o1dA1ibysarjiaPFAAq5meSAxw/0?wx_fmt=jpeg
2019-01-01 19:55:53,367 download image 0 http://mmbiz.qpic.cn/mmbiz_jpg/iacYjljtoTCjmYajAwcfqUEkTgk4iaJDv21PTKDoTS0WjA06lxTIyaXGtSVxdkBO4FkG9I5Dwxq9xkh6ia8jKiaicqQ/0?wx_fmt=jpeg
2019-01-01 19:55:55,440 download image 1 http://mmbiz.qpic.cn/mmbiz_jpg/iacYjljtoTCjmYajAwcfqUEkTgk4iaJDv2uhA4hlZwCaibNDV6baxPRvxQG53mFyMA7YnaH6l8pzYNfdSWJJmibs5w/0?wx_fmt=jpeg
2019-01-01 19:55:56,403 download image 景天三七（费菜）Phedimus aizoon http://mmbiz.qpic.cn/mmbiz_jpg/iacYjljtoTCjmYajAwcfqUEkTgk4iaJDv2Ik2km3ZH1j9YuddVEGRpOSwZb8Ud3yCicSgiabIwUFcXjCNc4za53r7A/0?wx_fmt=jpeg
2019-01-01 19:55:57,776 download image 横根费菜花序 http://mmbiz.qpic.cn/mmbiz_jpg/iacYjljtoTCjmYajAwcfqUEkTgk4iaJDv287Q7rDguoTCMyxqpdYG8C7kVaKaNic42T5cicEbAeaXd8xeGv2ft838Q/0?wx_fmt=jpeg
2019-01-01 19:55:59,878 download image 2 http://mmbiz.qpic.cn/mmbiz_jpg/iacYjljtoTCjmYajAwcfqUEkTgk4iaJDv2C4aMDibDIjL5N0AMsd35WSGSQgCYSxziaR1ticce2ea5pK44ruldzc5cw/0?wx_fmt=jpeg
2019-01-01 19:56:01,153 download image 3 http://mmbiz.qpic.cn/mmbiz_jpg/iacYjljtoTCjmYajAwcfqUEkTgk4iaJDv2GRfA8fVPWTD3y1NwcAwvAsONHNqqmZibTRZpLFFKvWvSuda2fzF1b9Q/0?wx_fmt=jpeg
2019-01-01 19:57:41,476 socket timeout. http://mmbiz.qpic.cn/mmbiz_jpg/iacYjljtoTCjmYajAwcfqUEkTgk4iaJDv2GRfA8fVPWTD3y1NwcAwvAsONHNqqmZibTRZpLFFKvWvSuda2fzF1b9Q/0?wx_fmt=jpeg
2019-01-01 19:57:41,973 download image 4 http://mmbiz.qpic.cn/mmbiz_jpg/iacYjljtoTCjmYajAwcfqUEkTgk4iaJDv2Wc3a9P1tzVHN3WVLN3Oz87PaKzoNkCs1SBj8RFosgzsM7nMf3ZibeVw/0?wx_fmt=jpeg
2019-01-01 19:57:44,795 download image 5 http://mmbiz.qpic.cn/mmbiz_jpg/iacYjljtoTCjmYajAwcfqUEkTgk4iaJDv23rBP9hWnmB0icNOjz77O42KENDmkMYor7l9XENIjN3fVdEKpURsY3Gw/0?wx_fmt=jpeg
2019-01-01 19:57:45,903 now crawl http://mp.weixin.qq.com/s?__biz=MzIwMDk5MzMzMQ==&mid=2247484532&idx=1&sn=388f30152124567178ba3757ed912eb1&chksm=96f5fb28a182723eef0f6037f497f17df1b2dd34d2342df5e80b0505d1c5a195674e9bac2186#rd
2019-01-01 19:57:46,880 now analyse http://mp.weixin.qq.com/s?__biz=MzIwMDk5MzMzMQ==&mid=2247484532&idx=1&sn=388f30152124567178ba3757ed912eb1&chksm=96f5fb28a182723eef0f6037f497f17df1b2dd34d2342df5e80b0505d1c5a195674e9bac2186#rd
2019-01-01 19:57:55,746 save images 22
2019-01-01 19:57:55,911 download image 毛足铁线蕨 http://mmbiz.qpic.cn/mmbiz_jpg/iacYjljtoTCiahnEz7tcWpQMdT5XibAwhaQJdQmia7yPiccM8fjAWROrgrQdSHSumF1YGnlbC6XMOxC3hN6MzvjgiaIw/0?wx_fmt=jpeg
2019-01-01 19:57:56,836 download image 毛足铁线蕨 http://mmbiz.qpic.cn/mmbiz_jpg/iacYjljtoTCiahnEz7tcWpQMdT5XibAwhaQNiamGoiahGWnZYhklZhsXOqhkUapDYWOqnHAQHtuyibg4RU2wjsJibVsYA/0?wx_fmt=jpeg
2019-01-01 19:57:57,641 download image 0 http://mmbiz.qpic.cn/mmbiz_jpg/iacYjljtoTCiahnEz7tcWpQMdT5XibAwhaQdps2WjqPGa0MNjYSupBUIgD9F92Fw4CH8W2cyNHHg0x4Vzaw7wy6Cw/0?wx_fmt=jpeg
2019-01-01 19:57:58,852 download image 白垩铁线蕨 http://mmbiz.qpic.cn/mmbiz_jpg/iacYjljtoTCiahnEz7tcWpQMdT5XibAwhaQBckiaMvfJOrnKuUy7QcKibZ8UcYVar3THdyzS2icysVTE0Cn4FE6oRibeQ/0?wx_fmt=jpeg
2019-01-01 19:57:59,887 download image 白垩铁线蕨 http://mmbiz.qpic.cn/mmbiz_jpg/iacYjljtoTCiahnEz7tcWpQMdT5XibAwhaQL3Kb0IUFnN9m8VzczfW0yhZicYexsS0awkCcL2ta2Ub66Q4RPH9Slwg/0?wx_fmt=jpeg
2019-01-01 19:58:00,493 download image 单盖铁线蕨 http://mmbiz.qpic.cn/mmbiz_jpg/iacYjljtoTCiahnEz7tcWpQMdT5XibAwhaQWsyXbiaCfBdPNDnvJFlnlMBucs1xhx16xRRicmCmpia0x2YU2hibCFliaVA/0?wx_fmt=jpeg
2019-01-01 19:58:01,753 download image 铁线蕨  Adiantum  capillus http://mmbiz.qpic.cn/mmbiz_jpg/iacYjljtoTCiahnEz7tcWpQMdT5XibAwhaQpOf6IUUPYTMZXTvkL9sQpGTiasSAUvhtwy9n27QCicexgpHsnVOND4iaQ/0?wx_fmt=jpeg
2019-01-01 19:58:03,071 download image 1 http://mmbiz.qpic.cn/mmbiz_jpg/iacYjljtoTCiahnEz7tcWpQMdT5XibAwhaQ4yptaGxq7uHMARMu7pDuSibMUzg1gK3WmwUia9qQhocVw1xSN5ahfkZQ/0?wx_fmt=jpeg
2019-01-01 19:58:04,186 download image 扇叶铁线蕨  Adiantum  flabellulatum .L http://mmbiz.qpic.cn/mmbiz_jpg/iacYjljtoTCiahnEz7tcWpQMdT5XibAwhaQFTvB1xZuJGyREdZ1C8ATZiblMNk9OiaKriaRLmA9ZeFN4HvwZYeHWqo1Q/0?wx_fmt=jpeg
2019-01-01 19:58:04,871 download image 单盖铁线蕨 http://mmbiz.qpic.cn/mmbiz_jpg/iacYjljtoTCiahnEz7tcWpQMdT5XibAwhaQjRSHec3meNPWlk0FINbH1Ilu4KMUE3asibB8SvqZT2Ae1SoZvpSgkRg/0?wx_fmt=jpeg
2019-01-01 19:58:05,780 download image 鞭叶铁线蕨  Adiantum  caudatum .L http://mmbiz.qpic.cn/mmbiz_jpg/iacYjljtoTCiahnEz7tcWpQMdT5XibAwhaQiaTqq2icKK1nLS5822fauUE7buBzJlicrMe3ic1P7WaUgF8Ep7RVCF5eSQ/0?wx_fmt=jpeg
2019-01-01 19:58:06,444 download image 2 http://mmbiz.qpic.cn/mmbiz_jpg/iacYjljtoTCiahnEz7tcWpQMdT5XibAwhaQyczKoS3AnEb0jiaH1Qg45qwkeIGcLG80I3S5YxquqMNdwfzrlnXNCmg/0?wx_fmt=jpeg
2019-01-01 19:58:07,443 download image        铁线蕨在作为中药的品种有很多种，我们一起梳理一下都有那些铁线蕨可以入药。 http://mmbiz.qpic.cn/mmbiz_jpg/iacYjljtoTCiahnEz7tcWpQMdT5XibAwhaQthrZ8ibiaWOTJzBYjX2C0pz87anbEO33aAr55hyEUWYcnoGqWBBfZfaw/0?wx_fmt=jpeg
2019-01-01 19:58:09,282 download image 3 http://mmbiz.qpic.cn/mmbiz_jpg/iacYjljtoTCiahnEz7tcWpQMdT5XibAwhaQZk8sr99q9jttZmL1GLeMUF95kxgFoviabgwLuHeLXbicOzbk2ZiaS8RJA/0?wx_fmt=jpeg
2019-01-01 19:58:10,970 download image 鞭叶铁线蕨  Adiantum  caudatum .L http://mmbiz.qpic.cn/mmbiz_jpg/iacYjljtoTCiahnEz7tcWpQMdT5XibAwhaQUOHiczqJzFOByXnibLsE9Ffp146nQCofUicr4bz8NXJaVfVgC08aicaHsA/0?wx_fmt=jpeg
2019-01-01 19:58:11,433 download image 4 http://mmbiz.qpic.cn/mmbiz_jpg/iacYjljtoTCiahnEz7tcWpQMdT5XibAwhaQmdP6CtMmUbFyW973PPBGCEjsdyzbDUkB7nQnw5ZxA96sTaDSfNEexw/0?wx_fmt=jpeg
2019-01-01 19:58:12,986 download image 5 http://mmbiz.qpic.cn/mmbiz_jpg/iacYjljtoTCiahnEz7tcWpQMdT5XibAwhaQicRcRvkNQQzgiaUZ1bMuFWbNbt0tdtOlhIHmUSaZC1lvic7SfrAl9Zibpw/0?wx_fmt=jpeg
2019-01-01 19:58:14,489 download image 扇叶铁线蕨  Adiantum  flabellulatum .L http://mmbiz.qpic.cn/mmbiz_jpg/iacYjljtoTCiahnEz7tcWpQMdT5XibAwhaQ20dGGvxjPpfCgkPhTjTicwzEy91VKuvANdEV12qnTQk3HVE5yNQcbow/0?wx_fmt=jpeg
2019-01-01 19:58:15,256 download image 6 http://mmbiz.qpic.cn/mmbiz_jpg/iacYjljtoTCiahnEz7tcWpQMdT5XibAwhaQRj9MRIic9FjZTVu1cZuCgA40K7NPOK1aeu6KicnLGSlzuvibQZByicwVag/0?wx_fmt=jpeg
2019-01-01 19:58:16,897 download image        铁线蕨在作为中药的品种有很多种，我们一起梳理一下都有那些铁线蕨可以入药。 http://mmbiz.qpic.cn/mmbiz_jpg/iacYjljtoTCiahnEz7tcWpQMdT5XibAwhaQicWsSPDtwVaAn5zdoANabsBCrXx5Fd8KgzBlvk1sOVoPeVuveESBmSQ/0?wx_fmt=jpeg
2019-01-01 19:58:18,513 download image 7 http://mmbiz.qpic.cn/mmbiz_jpg/iacYjljtoTCiahnEz7tcWpQMdT5XibAwhaQejRHyTLXghqy7TyuH4hjdgUOFV6wvr0PHNpYtJxoBpvqEhYpXaczxg/0?wx_fmt=jpeg
2019-01-01 19:58:19,914 download image 白垩铁线蕨 http://mmbiz.qpic.cn/mmbiz_jpg/iacYjljtoTCiahnEz7tcWpQMdT5XibAwhaQe6zZoj0ZbNKU3l5dhBDcNmH3KH9icUziaFyg4QicngHNWgUPGgtfvPZhQ/0?wx_fmt=jpeg
2019-01-01 19:58:20,701 now crawl http://mp.weixin.qq.com/s?__biz=MzIwMDk5MzMzMQ==&mid=2247484531&idx=1&sn=9e3fd551412875b85909485e402c37c2&chksm=96f5fb2fa1827239e4126582cc2dbb9859d182aa72d4d190295780432e7fe3bfba8220bd1296#rd
2019-01-01 19:58:21,492 now analyse http://mp.weixin.qq.com/s?__biz=MzIwMDk5MzMzMQ==&mid=2247484531&idx=1&sn=9e3fd551412875b85909485e402c37c2&chksm=96f5fb2fa1827239e4126582cc2dbb9859d182aa72d4d190295780432e7fe3bfba8220bd1296#rd
2019-01-01 19:58:27,397 save images 9
2019-01-01 19:58:27,520 download image 横根费菜（堪察加费菜）Phedimus kamtschaticus http://mmbiz.qpic.cn/mmbiz_jpg/iacYjljtoTCjmYajAwcfqUEkTgk4iaJDv2zRYyakHiao5HTRIZDW8mueiciaoZfibAg7o1dA1ibysarjiaPFAAq5meSAxw/0?wx_fmt=jpeg
2019-01-01 19:58:29,825 download image 0 http://mmbiz.qpic.cn/mmbiz_jpg/iacYjljtoTCjmYajAwcfqUEkTgk4iaJDv21PTKDoTS0WjA06lxTIyaXGtSVxdkBO4FkG9I5Dwxq9xkh6ia8jKiaicqQ/0?wx_fmt=jpeg
2019-01-01 19:58:31,270 download image 1 http://mmbiz.qpic.cn/mmbiz_jpg/iacYjljtoTCjmYajAwcfqUEkTgk4iaJDv2uhA4hlZwCaibNDV6baxPRvxQG53mFyMA7YnaH6l8pzYNfdSWJJmibs5w/0?wx_fmt=jpeg
2019-01-01 19:58:32,213 download image 景天三七（费菜）Phedimus aizoon http://mmbiz.qpic.cn/mmbiz_jpg/iacYjljtoTCjmYajAwcfqUEkTgk4iaJDv2Ik2km3ZH1j9YuddVEGRpOSwZb8Ud3yCicSgiabIwUFcXjCNc4za53r7A/0?wx_fmt=jpeg
2019-01-01 19:58:33,505 download image 横根费菜花序 http://mmbiz.qpic.cn/mmbiz_jpg/iacYjljtoTCjmYajAwcfqUEkTgk4iaJDv287Q7rDguoTCMyxqpdYG8C7kVaKaNic42T5cicEbAeaXd8xeGv2ft838Q/0?wx_fmt=jpeg
2019-01-01 19:58:34,688 download image 2 http://mmbiz.qpic.cn/mmbiz_jpg/iacYjljtoTCjmYajAwcfqUEkTgk4iaJDv2C4aMDibDIjL5N0AMsd35WSGSQgCYSxziaR1ticce2ea5pK44ruldzc5cw/0?wx_fmt=jpeg
2019-01-01 19:58:35,184 download image 3 http://mmbiz.qpic.cn/mmbiz_jpg/iacYjljtoTCjmYajAwcfqUEkTgk4iaJDv2GRfA8fVPWTD3y1NwcAwvAsONHNqqmZibTRZpLFFKvWvSuda2fzF1b9Q/0?wx_fmt=jpeg
2019-01-01 19:58:36,242 download image 4 http://mmbiz.qpic.cn/mmbiz_jpg/iacYjljtoTCjmYajAwcfqUEkTgk4iaJDv2Wc3a9P1tzVHN3WVLN3Oz87PaKzoNkCs1SBj8RFosgzsM7nMf3ZibeVw/0?wx_fmt=jpeg
2019-01-01 19:58:37,134 download image 5 http://mmbiz.qpic.cn/mmbiz_jpg/iacYjljtoTCjmYajAwcfqUEkTgk4iaJDv23rBP9hWnmB0icNOjz77O42KENDmkMYor7l9XENIjN3fVdEKpURsY3Gw/0?wx_fmt=jpeg
2019-01-01 19:58:38,484 now crawl http://mp.weixin.qq.com/s?__biz=MzIwMDk5MzMzMQ==&mid=2247484530&idx=1&sn=cc40b2738fb97b8a4dd13c936ba8dfb9&chksm=96f5fb2ea1827238a2ab39d6b6224fe73e2bafaf1eb965a1fd934063facb28d5d4716151ab6a#rd
2019-01-01 19:58:39,236 now analyse http://mp.weixin.qq.com/s?__biz=MzIwMDk5MzMzMQ==&mid=2247484530&idx=1&sn=cc40b2738fb97b8a4dd13c936ba8dfb9&chksm=96f5fb2ea1827238a2ab39d6b6224fe73e2bafaf1eb965a1fd934063facb28d5d4716151ab6a#rd
2019-01-01 19:58:41,046 save images 4
2019-01-01 19:58:41,170 download image 五爪金龙   Ipomoea  cairica http://mmbiz.qpic.cn/mmbiz_jpg/iacYjljtoTChxha5TplU2sXfpYvQJ2T7JJC6DeBPMVppEKzar2ibIPUDTwXWvYnlJhUfjVdA8DT2S0eYbudxZooA/0?wx_fmt=jpeg
2019-01-01 19:58:42,744 download image 0 http://mmbiz.qpic.cn/mmbiz_jpg/iacYjljtoTChxha5TplU2sXfpYvQJ2T7JCZAoVicjc36goBTRC2fq2l410ujo2EmuXAfuq9q25l1AoianNPsN3NsQ/0?wx_fmt=jpeg
2019-01-01 19:58:44,151 download image 五爪金龙   Ipomoea  cairica http://mmbiz.qpic.cn/mmbiz_jpg/iacYjljtoTChxha5TplU2sXfpYvQJ2T7JAslLyiaiayC6mjDEmlenWJPMnNic8H7o9EX4Q2UqJzo5pFribcgG2ruGPg/0?wx_fmt=jpeg
2019-01-01 19:58:45,463 download image 五爪金龙   Ipomoea  cairica http://mmbiz.qpic.cn/mmbiz_jpg/iacYjljtoTChxha5TplU2sXfpYvQJ2T7JsyLib9NXVrhpMibBKRz1cVJUfiaGuBbq0sJVUrLchkSmdicISUcNaX9qAw/0?wx_fmt=jpeg
2019-01-01 19:58:47,519 now crawl http://mp.weixin.qq.com/s?__biz=MzIwMDk5MzMzMQ==&mid=2247484482&idx=1&sn=6f86c4239aff3dae4cb12014d3967c1c&chksm=96f5fb1ea182720840c360a1343257232a6633a9c56b3809d0cc85b84e3139dd803607e4b451#rd
2019-01-01 19:58:48,101 now analyse http://mp.weixin.qq.com/s?__biz=MzIwMDk5MzMzMQ==&mid=2247484482&idx=1&sn=6f86c4239aff3dae4cb12014d3967c1c&chksm=96f5fb1ea182720840c360a1343257232a6633a9c56b3809d0cc85b84e3139dd803607e4b451#rd
2019-01-01 19:58:49,447 save images 5
2019-01-01 19:58:49,581 download image 南蛇藤  Celastrus orbiculatus Thunb http://mmbiz.qpic.cn/mmbiz_jpg/iacYjljtoTChjZyeSBmEHUk5KhhWRJTPiae5AKjYANWjX6HRBNXD6lqR0Bbf9FjnQ1Nia9d2GChwkUE8I91rWhYxw/0?wx_fmt=jpeg
2019-01-01 19:58:50,654 download image 成熟后的南蛇藤果实 http://mmbiz.qpic.cn/mmbiz_jpg/iacYjljtoTChjZyeSBmEHUk5KhhWRJTPiakIPVlCXaXvGtD9YGhjbjc5KZbViahcuGfY33ungqBxicQUe09jlibS9Cw/0?wx_fmt=jpeg
2019-01-01 19:58:52,210 download image 成熟后的南蛇藤果实 http://mmbiz.qpic.cn/mmbiz_jpg/iacYjljtoTChjZyeSBmEHUk5KhhWRJTPia23jKjcpRGoNlfc0SlB1wRRm9N5bd9OuS2WLFGnULVnuQ9poDwAlr9g/0?wx_fmt=jpeg
2019-01-01 19:58:54,000 download image 成熟后的南蛇藤果实 http://mmbiz.qpic.cn/mmbiz_jpg/iacYjljtoTChjZyeSBmEHUk5KhhWRJTPiay9fSDzSrnLib048m7mDm7nFB5jia9lyQUs08Lsbr4e5VUu4OaU5eYiagQ/0?wx_fmt=jpeg
2019-01-01 19:58:54,941 download image 成熟后的南蛇藤果实 http://mmbiz.qpic.cn/mmbiz_jpg/iacYjljtoTChjZyeSBmEHUk5KhhWRJTPiaRm1Ye5QDeeibJdfdZaIm5Z7eibicmbOJ1IL8T8NnEO8njl3ObAdNXp6HQ/0?wx_fmt=jpeg
2019-01-01 19:58:57,032 now crawl http://mp.weixin.qq.com/s?__biz=MzIwMDk5MzMzMQ==&mid=2247484482&idx=2&sn=7a4c4e3b95ed0b836257c0d470612c87&chksm=96f5fb1ea182720801c16bb78690f0791a0fcd41636b47b1332991aa6564f89288939b4a228a#rd
2019-01-01 19:58:57,523 now analyse http://mp.weixin.qq.com/s?__biz=MzIwMDk5MzMzMQ==&mid=2247484482&idx=2&sn=7a4c4e3b95ed0b836257c0d470612c87&chksm=96f5fb1ea182720801c16bb78690f0791a0fcd41636b47b1332991aa6564f89288939b4a228a#rd
2019-01-01 19:59:08,312 save images 15
2019-01-01 19:59:08,500 download image 0 http://mmbiz.qpic.cn/mmbiz_jpg/iacYjljtoTChjZyeSBmEHUk5KhhWRJTPiaZXcxdwprpCsiauoD5lRXMTsZiaOsdCyAw9Fu5P8IXYDGpCZiaiaaWkyjZQ/0?wx_fmt=jpeg
2019-01-01 19:59:09,694 download image 卷 丹 http://mmbiz.qpic.cn/mmbiz_jpg/iacYjljtoTChjZyeSBmEHUk5KhhWRJTPialeAp5iaCYkPq7Dq6hDSFNvYBNjwGwOgRxN29F2TVSJ3ybXolVJe2RNw/0?wx_fmt=jpeg
2019-01-01 19:59:10,799 download image 1 http://mmbiz.qpic.cn/mmbiz_jpg/iacYjljtoTChjZyeSBmEHUk5KhhWRJTPiaeXb789YWmbCw0hgGatGzWMyMOQeV8zIMrpTa7luAfK0LHIPCuSafiaQ/0?wx_fmt=jpeg
2019-01-01 19:59:11,811 download image 2 http://mmbiz.qpic.cn/mmbiz_jpg/iacYjljtoTChjZyeSBmEHUk5KhhWRJTPiaPGbMHYxmAD52H8lBHOxF3kJj7XMTRfc0xnz3Hibv6s5sacMcTeADhmg/0?wx_fmt=jpeg
2019-01-01 19:59:12,839 download image 3 http://mmbiz.qpic.cn/mmbiz_jpg/iacYjljtoTChjZyeSBmEHUk5KhhWRJTPiaf4a9xhicr3QUriaVB50DDWRtrnatmcnFlmjxHNQ4Yw5piaw3ugH4chvMA/0?wx_fmt=jpeg
2019-01-01 19:59:13,752 download image 4 http://mmbiz.qpic.cn/mmbiz_jpg/iacYjljtoTChjZyeSBmEHUk5KhhWRJTPia6HEcLf3XOqZYTtCSmvJrKGT6vCoHhDGMjXHjb2XnGIuibN3kv724opw/0?wx_fmt=jpeg
2019-01-01 19:59:15,176 download image 5 http://mmbiz.qpic.cn/mmbiz_jpg/iacYjljtoTChjZyeSBmEHUk5KhhWRJTPiaNHucwUGgib9TBVjFrz0PKlDHex9DhXoD0nbVCGk66VT8iaPpiaBHAdRlQ/0?wx_fmt=jpeg
2019-01-01 19:59:17,612 download image 6 http://mmbiz.qpic.cn/mmbiz_jpg/iacYjljtoTChjZyeSBmEHUk5KhhWRJTPiaJOPyqxMAaVyYU9WRHG5772GWMibsWazZsVUfswDwbhgwcVgvzctMCIw/0?wx_fmt=jpeg
2019-01-01 19:59:18,635 download image 7 http://mmbiz.qpic.cn/mmbiz_jpg/iacYjljtoTChjZyeSBmEHUk5KhhWRJTPia9qDsDe3M4Y6v5G0szcTuhhd60jibYQibrViblFaWtPYGIvWj6GMknd7icA/0?wx_fmt=jpeg
2019-01-01 19:59:20,516 download image 8 http://mmbiz.qpic.cn/mmbiz_jpg/iacYjljtoTChjZyeSBmEHUk5KhhWRJTPiaibHNpiaMEgzWd5dMllNjWTcBDKDmrJMrRT9Z4wl9S9SELUUOYBLmV2eA/0?wx_fmt=jpeg
2019-01-01 19:59:22,075 download image 9 http://mmbiz.qpic.cn/mmbiz_jpg/iacYjljtoTChjZyeSBmEHUk5KhhWRJTPiaTbeRBrKncMM1gmauf6ujjuib4IEZQ40eWFRbHF6eL9wUcR35Ek3ebVg/0?wx_fmt=jpeg
2019-01-01 19:59:23,509 download image 10 http://mmbiz.qpic.cn/mmbiz_jpg/iacYjljtoTChjZyeSBmEHUk5KhhWRJTPiawyicJt2UrlqLkcf2zkHHOiaXWbEribFL0JOqBjGiagGnVRJIq5e8STgehw/0?wx_fmt=jpeg
2019-01-01 19:59:24,631 download image         http://mmbiz.qpic.cn/mmbiz_jpg/iacYjljtoTChjZyeSBmEHUk5KhhWRJTPiaIOjplcTlkjicyLIiblib7y4oRibqXdu1IFFDiaFwm2iaRuYj0iadSicuUlXf6w/0?wx_fmt=jpeg
2019-01-01 19:59:26,135 download image 百合地下鳞茎 http://mmbiz.qpic.cn/mmbiz_jpg/iacYjljtoTChjZyeSBmEHUk5KhhWRJTPiaWmZUGtxnc2SMWXvhH7vQOjLlzW7US96khAetwcjGb0KuCV6xpEpKfw/0?wx_fmt=jpeg
2019-01-01 19:59:27,930 download image 兰州百合  Lilium davidii var. unicolor http://mmbiz.qpic.cn/mmbiz_jpg/iacYjljtoTChjZyeSBmEHUk5KhhWRJTPiaNc9M5xdESCCpAxZDS25AHLiaXYr5ITFK8HiarjfshMXhBpIIDdA4TJLg/0?wx_fmt=jpeg
2019-01-01 19:59:29,418 now crawl http://mp.weixin.qq.com/s?__biz=MzIwMDk5MzMzMQ==&mid=2247484341&idx=1&sn=20bb666e97061e43df3ce6358e91dae1&chksm=96f5fce9a18275ffa6a9983db282b1746c71810e82e04275aa43f191c15701bef3d4e8cad349#rd
2019-01-01 19:59:30,121 now analyse http://mp.weixin.qq.com/s?__biz=MzIwMDk5MzMzMQ==&mid=2247484341&idx=1&sn=20bb666e97061e43df3ce6358e91dae1&chksm=96f5fce9a18275ffa6a9983db282b1746c71810e82e04275aa43f191c15701bef3d4e8cad349#rd
2019-01-01 19:59:31,648 save images 5
2019-01-01 19:59:31,778 download image 猫须草  Clerodendranthus spicatus http://mmbiz.qpic.cn/mmbiz_jpg/iacYjljtoTChxha5TplU2sXfpYvQJ2T7J0FuF4SBWqBtZ68dItkHiaN88GQbpXSQsgc6IBYmQs7fD2icKVIe5kGSg/0?wx_fmt=jpeg
2019-01-01 19:59:32,999 download image 猫须草  Clerodendranthus spicatus http://mmbiz.qpic.cn/mmbiz_jpg/iacYjljtoTChxha5TplU2sXfpYvQJ2T7J2xJQfCFzDCPkrCxXHJeUGkK2HpvXCVGMf7XMUyDMYdSK6soMy0oRBA/0?wx_fmt=jpeg
2019-01-01 19:59:34,420 download image 猫须草  Clerodendranthus spicatus http://mmbiz.qpic.cn/mmbiz_jpg/iacYjljtoTChxha5TplU2sXfpYvQJ2T7JfA8QCl76L1WGCtnlCvHttVfCFI0WMcicwMJQThZlYxVj8VzRl6L1KwQ/0?wx_fmt=jpeg
2019-01-01 19:59:35,963 download image 猫须草  Clerodendranthus spicatus http://mmbiz.qpic.cn/mmbiz_jpg/iacYjljtoTChxha5TplU2sXfpYvQJ2T7JlLSarvia5mfKrxyiaI5bpj460gCC5XCAzNZYcylHpFhhrCctiavXUYKibA/0?wx_fmt=jpeg
2019-01-01 19:59:37,165 download image 猫须草药材图 http://mmbiz.qpic.cn/mmbiz_jpg/iacYjljtoTChxha5TplU2sXfpYvQJ2T7JM7Miaqwd4odKtjyCMOorGHXwWhviccDX7ockOrLvYee2Ed2daSeZI4ibg/0?wx_fmt=jpeg
2019-01-01 19:59:38,346 now crawl http://mp.weixin.qq.com/s?__biz=MzIwMDk5MzMzMQ==&mid=2247484341&idx=2&sn=656af38898348ef349edbf27318cbfd3&chksm=96f5fce9a18275ff7ff329e92d8ca0867007c682deed940d12a92dfb27808081de928a910295#rd
2019-01-01 19:59:38,982 now analyse http://mp.weixin.qq.com/s?__biz=MzIwMDk5MzMzMQ==&mid=2247484341&idx=2&sn=656af38898348ef349edbf27318cbfd3&chksm=96f5fce9a18275ff7ff329e92d8ca0867007c682deed940d12a92dfb27808081de928a910295#rd
2019-01-01 19:59:43,163 save images 12
2019-01-01 19:59:43,342 download image 毛曼陀罗—蒴果下垂，密具细且等长的刺 http://mmbiz.qpic.cn/mmbiz_jpg/iacYjljtoTChxha5TplU2sXfpYvQJ2T7JNnFGA1YG41zpqsxGWPAA6un7COtUDSnhuGm1mUDzbXsK95PpbDptxA/0?wx_fmt=jpeg
2019-01-01 19:59:44,546 download image 曼陀罗—果实直立，具多数针刺，稀疏平滑，成熟四瓣裂 http://mmbiz.qpic.cn/mmbiz_jpg/iacYjljtoTChxha5TplU2sXfpYvQJ2T7JlBZT19t4Ix8O7XpMKnGpZicicibG4rABkGgiafCPecM3n6fhHicOTxrGGwA/0?wx_fmt=jpeg
2019-01-01 19:59:45,688 download image 毛曼陀罗—蒴果下垂，密具细且等长的刺 http://mmbiz.qpic.cn/mmbiz_jpg/iacYjljtoTChxha5TplU2sXfpYvQJ2T7Jelq2w3CvQYm1hA09Sp4jMqIegDlym7fQVe5ibzhakdxZqTmE9wAgHCQ/0?wx_fmt=jpeg
2019-01-01 19:59:48,028 download image 白曼陀罗—蒴果下垂，具瘤突或短刺 http://mmbiz.qpic.cn/mmbiz_jpg/iacYjljtoTChxha5TplU2sXfpYvQJ2T7JuLtI9HMueFSmoibljiaEwQp7w0OKlO0nmFyGxSAgxHYKBkJtkBahnTVw/0?wx_fmt=jpeg
2019-01-01 19:59:49,187 download image 再来看看曼陀罗Datura stramonium，因为适应性很强，我们很经常能见到。 http://mmbiz.qpic.cn/mmbiz_jpg/iacYjljtoTChxha5TplU2sXfpYvQJ2T7JWvy4rPK5lY92x2Vw2L06Zia7Jvt51Xh7jdI2qrsU12f90cyZh3ZzCrw/0?wx_fmt=jpeg
2019-01-01 19:59:50,641 download image 0 http://mmbiz.qpic.cn/mmbiz_jpg/iacYjljtoTChxha5TplU2sXfpYvQJ2T7Jibq9e6xoVxfHWDd8Is557hLcM6xdCNWatUbI2Sc1EcibOfBqq0Z1Ebzg/0?wx_fmt=jpeg
2019-01-01 19:59:51,413 download image 毛曼陀罗—蒴果下垂，密具细且等长的刺 http://mmbiz.qpic.cn/mmbiz_jpg/iacYjljtoTChxha5TplU2sXfpYvQJ2T7Juf32LUEGTPibxn0yPZ3WlbJiaPJsl7HibL2wH7Bp0I6OhQZPiaVAu1IE8w/0?wx_fmt=jpeg
2019-01-01 19:59:52,801 download image 1 http://mmbiz.qpic.cn/mmbiz_jpg/iacYjljtoTChxha5TplU2sXfpYvQJ2T7JTeiaia1RTLlw4Te7WlpXR05vwvt9aMqWW6BKQ7MW2G0NAmLm1K7XLxIA/0?wx_fmt=jpeg
2019-01-01 19:59:54,263 download image 2 http://mmbiz.qpic.cn/mmbiz_jpg/iacYjljtoTChxha5TplU2sXfpYvQJ2T7JbaSbM8ovWeZiagPnEE82iaIPWbszHIE0LAicWM0Q3V2lyQUFjBHNCpkxg/0?wx_fmt=jpeg
2019-01-01 19:59:55,079 download image 白曼陀罗—叶全缘，不规则波状牙齿，渐无毛 http://mmbiz.qpic.cn/mmbiz_jpg/iacYjljtoTChxha5TplU2sXfpYvQJ2T7Jia4SfR5bSRlGb9EPxVa3QTZwylWy0N8x4YuCLwNsxAEHFGwyNfbHPgA/0?wx_fmt=jpeg
2019-01-01 19:59:56,903 download image 洋金花药材图 http://mmbiz.qpic.cn/mmbiz_jpg/iacYjljtoTChxha5TplU2sXfpYvQJ2T7Jt81yoBDC5iamMPLXIGwTqlBLcGFClFhq4NcClaJiaZR1hJ5LSGiaWVFhQ/0?wx_fmt=jpeg
2019-01-01 19:59:58,400 download image 白曼陀罗—蒴果下垂，具瘤突或短刺 http://mmbiz.qpic.cn/mmbiz_jpg/iacYjljtoTChxha5TplU2sXfpYvQJ2T7Jv95icMBLo9xRESMFdsO8rgaWBWBibbMsDB6zolzP9DTOhjtVpiam7oXNw/0?wx_fmt=jpeg
2019-01-01 19:59:59,964 now crawl http://mp.weixin.qq.com/s?__biz=MzIwMDk5MzMzMQ==&mid=2247484303&idx=1&sn=b4ecc5fa5f40ef739178757247bd85c1&chksm=96f5fcd3a18275c5b0ef74db5da344270e19668db60a5e688d37b2ae2d16e5e62ca1667bc11d#rd
2019-01-01 20:00:00,678 now analyse http://mp.weixin.qq.com/s?__biz=MzIwMDk5MzMzMQ==&mid=2247484303&idx=1&sn=b4ecc5fa5f40ef739178757247bd85c1&chksm=96f5fcd3a18275c5b0ef74db5da344270e19668db60a5e688d37b2ae2d16e5e62ca1667bc11d#rd
2019-01-01 20:00:03,351 save images 4
2019-01-01 20:00:03,483 download image 0 http://mmbiz.qpic.cn/mmbiz_jpg/iacYjljtoTCgahTjdwqicicmKCvmR6cmysA8o46EnK8RLzom7icovNsoVUXdcxC9l9oHX6Q6mMhMdQOqKghJxoBBtA/0?wx_fmt=jpeg
2019-01-01 20:00:05,697 download image 1 http://mmbiz.qpic.cn/mmbiz_jpg/iacYjljtoTCgahTjdwqicicmKCvmR6cmysAJOMHiajOhIeDMYXeibhS5Tib7XkS3mw8bYnVjeh0VowhzicqBUYIscDPcg/0?wx_fmt=jpeg
2019-01-01 20:00:07,020 download image 2 http://mmbiz.qpic.cn/mmbiz_jpg/iacYjljtoTCgahTjdwqicicmKCvmR6cmysAIEDLSiapvpN7z4BbUImDiaD2iaibaFiaD5LTibtNiathPxwmqomzRtY05FKeg/0?wx_fmt=jpeg
2019-01-01 20:00:09,809 download image 3 http://mmbiz.qpic.cn/mmbiz_jpg/iacYjljtoTCgahTjdwqicicmKCvmR6cmysA1AK8qDY8uGvrueFtjjhWGrPDKibDbS5EUKkHnhGibPWfibybOEsf1CVZQ/0?wx_fmt=jpeg
2019-01-01 20:00:11,384 now crawl http://mp.weixin.qq.com/s?__biz=MzIwMDk5MzMzMQ==&mid=2247484303&idx=2&sn=6989aed85970498645068681910cd195&chksm=96f5fcd3a18275c5551b765132b0d83b015c3166398b9a8a169158e8c0125c393983c75bf037#rd
2019-01-01 20:00:11,989 now analyse http://mp.weixin.qq.com/s?__biz=MzIwMDk5MzMzMQ==&mid=2247484303&idx=2&sn=6989aed85970498645068681910cd195&chksm=96f5fcd3a18275c5551b765132b0d83b015c3166398b9a8a169158e8c0125c393983c75bf037#rd
2019-01-01 20:00:17,213 save images 13
2019-01-01 20:00:17,316 download image 0 http://mmbiz.qpic.cn/mmbiz_jpg/iacYjljtoTChjZyeSBmEHUk5KhhWRJTPiaicXpIibdxaVJAhy6DQwWId3ic4usKk9icgHM0sb4cdicUF1icBHUCiaqQzx5w/0?wx_fmt=jpeg
2019-01-01 20:00:18,783 download image 1 http://mmbiz.qpic.cn/mmbiz_jpg/iacYjljtoTChjZyeSBmEHUk5KhhWRJTPiaicG2iblhOkDs8z2xajcRqmobh6reUZk9cicVOYvmYraIolL1PTNMv93fw/0?wx_fmt=jpeg
2019-01-01 20:00:19,727 download image 华东蓝刺头（上）与蓝刺头（下）叶片对比 http://mmbiz.qpic.cn/mmbiz_jpg/iacYjljtoTChjZyeSBmEHUk5KhhWRJTPia9Hxb7ic5j0vJpicPccDLNia0QSfujY9sZxyb9fQ3qn4z9AD3UVBOOxzCQ/0?wx_fmt=jpeg
2019-01-01 20:00:21,917 download image 2 http://mmbiz.qpic.cn/mmbiz_jpg/iacYjljtoTChjZyeSBmEHUk5KhhWRJTPiaibdlOIWGQgMUFjzE1VxuPejWJ9SWmOS1biaQbblqyeicb3K1IB9fXUrKw/0?wx_fmt=jpeg
2019-01-01 20:00:23,053 download image 蓝刺头  Echinops sphaeroce phalus http://mmbiz.qpic.cn/mmbiz_jpg/iacYjljtoTChjZyeSBmEHUk5KhhWRJTPiaDTsYENRIDMAhXXZtkiaF4Gia3kH8IhA8j06q1YglEuUewcsHwSU8cT9A/0?wx_fmt=jpeg
2019-01-01 20:00:24,683 download image 华东蓝刺头  Echinops  grijsii Hance http://mmbiz.qpic.cn/mmbiz_jpg/iacYjljtoTChjZyeSBmEHUk5KhhWRJTPiaU3W5EbloEOf3k9icBmOTEDFoPvwrh4cyayibdichGCdT01dSibYNuWX4LQ/0?wx_fmt=jpeg
2019-01-01 20:00:25,749 download image 3 http://mmbiz.qpic.cn/mmbiz_jpg/iacYjljtoTChauu52INRFrMn8Ls6gOzZGqqcibzxYWvKoRcAEuPBsVQWCPhRSQ5mIk1IL26aQkAJ82EgicrZWO4aw/0?wx_fmt=jpeg
2019-01-01 20:00:29,447 download image 4 http://mmbiz.qpic.cn/mmbiz_jpg/iacYjljtoTChauu52INRFrMn8Ls6gOzZGcXT9cbWqwm0WDxFzSjzdgbdyIRJ38AJEfktORyibVH7KftptbkiczYlg/0?wx_fmt=jpeg
2019-01-01 20:00:31,108 download image 漏芦  Rhaponticum  uniflorum http://mmbiz.qpic.cn/mmbiz_jpg/iacYjljtoTChjZyeSBmEHUk5KhhWRJTPia3Lzs6agRxkiaVickj0j7cEqeexseyv1Ab43IbXmHvIibdMlZwAA8neSGg/0?wx_fmt=jpeg
2019-01-01 20:00:32,506 download image       再看看禹漏芦的药典来源 http://mmbiz.qpic.cn/mmbiz_jpg/iacYjljtoTChjZyeSBmEHUk5KhhWRJTPia5OibXFdcicIWBXlsHdzwS002qynhk981Uq2JqibDBu98nict0av7S9GwMQ/0?wx_fmt=jpeg
2019-01-01 20:00:33,526 download image 禹漏芦药材图 http://mmbiz.qpic.cn/mmbiz_jpg/iacYjljtoTChjZyeSBmEHUk5KhhWRJTPiaxLDCuX1jfhppkZpWW7AngcibanTN4evXiassjosxhJfkq46d9yH9so2A/0?wx_fmt=jpeg
2019-01-01 20:00:35,671 download image 蓝刺头  Echinops sphaeroce phalus http://mmbiz.qpic.cn/mmbiz_jpg/iacYjljtoTChjZyeSBmEHUk5KhhWRJTPiagxz48ibmhgyzZ6u2StHGh1vjkyzzLncbaIduSMZiagibtX1lpsk6V8NUA/0?wx_fmt=jpeg
2019-01-01 20:00:37,707 download image 5 http://mmbiz.qpic.cn/mmbiz_jpg/iacYjljtoTChjZyeSBmEHUk5KhhWRJTPiaQcMfvXtzKibibj3prdRfewRbOiceRC0GOxa8LXIiasKmA3BUP6RbpS031Q/0?wx_fmt=jpeg
2019-01-01 20:00:39,631 now crawl http://mp.weixin.qq.com/s?__biz=MzIwMDk5MzMzMQ==&mid=2247484252&idx=1&sn=64ecc305c829e733e22b9771c0515528&chksm=96f5fc00a18275166820f3ef24669ad34d9dc07826522c0096ef6f9d8a104ad6909cc757137b#rd
2019-01-01 20:00:40,532 now analyse http://mp.weixin.qq.com/s?__biz=MzIwMDk5MzMzMQ==&mid=2247484252&idx=1&sn=64ecc305c829e733e22b9771c0515528&chksm=96f5fc00a18275166820f3ef24669ad34d9dc07826522c0096ef6f9d8a104ad6909cc757137b#rd
2019-01-01 20:00:42,003 save images 3
2019-01-01 20:00:42,128 download image 0 http://mmbiz.qpic.cn/mmbiz_jpg/iacYjljtoTCgahTjdwqicicmKCvmR6cmysAeibkHz2Gt91icgTqPWS0DH5IicBcic6VibCAVzaGbVVbibqDsIMO4X8Hw61Q/0?wx_fmt=jpeg
2019-01-01 20:00:44,010 download image 1 http://mmbiz.qpic.cn/mmbiz_jpg/iacYjljtoTCgahTjdwqicicmKCvmR6cmysA5eC6BS80S2lrbhW0PnpOUtR0kplZsn9nmDTXTXEFC15JGQA0GIdTYA/0?wx_fmt=jpeg
2019-01-01 20:00:45,019 download image 翠云草  Selaginella uncinata http://mmbiz.qpic.cn/mmbiz_jpg/iacYjljtoTCgahTjdwqicicmKCvmR6cmysAhlUMBqwPIstUeeJGey7c65XBNvUK0VZWTCgcxY2dm5r89yA8BsJhCQ/0?wx_fmt=jpeg
2019-01-01 20:00:46,538 now crawl http://mp.weixin.qq.com/s?__biz=MzIwMDk5MzMzMQ==&mid=2247484197&idx=1&sn=7c30630d2e8d6cde7a01322678eecf93&chksm=96f5fc79a182756f63b063fb00b90da59de2adcf108567bb68eb57a2ed8aaaf55ba2b09c1926#rd
2019-01-01 20:00:47,105 now analyse http://mp.weixin.qq.com/s?__biz=MzIwMDk5MzMzMQ==&mid=2247484197&idx=1&sn=7c30630d2e8d6cde7a01322678eecf93&chksm=96f5fc79a182756f63b063fb00b90da59de2adcf108567bb68eb57a2ed8aaaf55ba2b09c1926#rd
2019-01-01 20:00:47,506 save images 5
2019-01-01 20:00:47,648 download image 扁担杆—示花 http://mmbiz.qpic.cn/mmbiz_jpg/iacYjljtoTCgahTjdwqicicmKCvmR6cmysAHzTdBPMXrpgrvfZgoyz4RqibKJWPfq71Z400exOiceSD5klyRqLbfXVA/0?wx_fmt=jpeg
2019-01-01 20:00:48,625 download image 扁担杆—未成熟的果实 http://mmbiz.qpic.cn/mmbiz_jpg/iacYjljtoTCgahTjdwqicicmKCvmR6cmysA59GGJQZJyjcmsgGxjicX4IJwedtb4HTdB7EEHVJ6hrb0FNcHianBmh5g/0?wx_fmt=jpeg
2019-01-01 20:00:50,559 download image 扁担杆  Grewia biloba http://mmbiz.qpic.cn/mmbiz_jpg/iacYjljtoTCgahTjdwqicicmKCvmR6cmysAEaXPzqT72Xmm6RxdpkIWMVUg9rdaCITItNsliaDCyZvm4h8FqA3IECg/0?wx_fmt=jpeg
2019-01-01 20:00:52,719 download image 扁担杆  Grewia biloba http://mmbiz.qpic.cn/mmbiz_jpg/iacYjljtoTCgahTjdwqicicmKCvmR6cmysAVDt43uiciaAuTyHyjQZ6icIicOfkgOibmEcviciad6fxT2ib6q2TgmP29ibkqqA/0?wx_fmt=jpeg
2019-01-01 20:00:54,148 download image 成熟后的果实 http://mmbiz.qpic.cn/mmbiz_jpg/iacYjljtoTCgahTjdwqicicmKCvmR6cmysAL0oKiaaEk7pFgEaBQ4lu7nYEAuSUDjGpvqVCkZJpQe386LFv0aL67BA/0?wx_fmt=jpeg
2019-01-01 20:00:55,191 now crawl http://mp.weixin.qq.com/s?__biz=MzIwMDk5MzMzMQ==&mid=2247484196&idx=1&sn=ddd1908da2506c7533de5246c7245ae5&chksm=96f5fc78a182756e17fc24cbb35f75871bd8fe4bec8d7170ee3bf66b9692e1fa05e54bdca112#rd
2019-01-01 20:00:56,730 now analyse http://mp.weixin.qq.com/s?__biz=MzIwMDk5MzMzMQ==&mid=2247484196&idx=1&sn=ddd1908da2506c7533de5246c7245ae5&chksm=96f5fc78a182756e17fc24cbb35f75871bd8fe4bec8d7170ee3bf66b9692e1fa05e54bdca112#rd
2019-01-01 20:00:58,492 save images 6
2019-01-01 20:00:58,641 download image 翻白草Ｐotentilla discolor Ｂunge http://mmbiz.qpic.cn/mmbiz_jpg/iacYjljtoTCgahTjdwqicicmKCvmR6cmysAzRUicoPpxPGrGCib55g00HGw7Uv8AHT5AF0Fz9vZDv8LQvgvHnRZdYaQ/0?wx_fmt=jpeg
2019-01-01 20:00:59,730 download image Ｐotentilla discolor Ｂunge http://mmbiz.qpic.cn/mmbiz_jpg/iacYjljtoTCgahTjdwqicicmKCvmR6cmysAAARe5IemPnmqOOpR8lMC0DCle0iafq7NbJRkBgzQzM9D2Z32lMLp2jQ/0?wx_fmt=jpeg
2019-01-01 20:01:00,581 download image 翻白草全株 http://mmbiz.qpic.cn/mmbiz_jpg/iacYjljtoTCgahTjdwqicicmKCvmR6cmysAdial0bVYoQPrxyPsOsAjrL8ETt3bHicj8lo5e9ZB2Hy2woRE4GFnEZPA/0?wx_fmt=jpeg
2019-01-01 20:01:02,026 download image 翻白草叶背面 http://mmbiz.qpic.cn/mmbiz_jpg/iacYjljtoTCgahTjdwqicicmKCvmR6cmysAC1MN6N4q0Sr4Eicay43bNsjM0mdoa4AoqQQkLqLErAsEQW2Dyu5DjLg/0?wx_fmt=jpeg
2019-01-01 20:01:02,930 download image 翻白草Ｐotentilla discolor Ｂunge http://mmbiz.qpic.cn/mmbiz_jpg/iacYjljtoTCgahTjdwqicicmKCvmR6cmysAXvM5023M484Bj227ibWI3L8ZaOUeAhXwll7gWvfauJ8OjsUYUSBEgOw/0?wx_fmt=jpeg
2019-01-01 20:01:03,904 download image Ｐotentilla discolor Ｂunge http://mmbiz.qpic.cn/mmbiz_jpg/iacYjljtoTChauu52INRFrMn8Ls6gOzZGKmXYR4D07qlmoe7qPr00ZUM6bicj5HKWR2ia3eiab0esbFENPic52QOlzA/0?wx_fmt=jpeg
2019-01-01 20:01:07,217 now crawl http://mp.weixin.qq.com/s?__biz=MzIwMDk5MzMzMQ==&mid=2247484157&idx=1&sn=841cb7557b27064f9b07c208508bce69&chksm=96f5fda1a18274b74e07045604e57f5f398179a886641dc54c8d89c45b225ae6b73e63063389#rd
2019-01-01 20:01:07,779 now analyse http://mp.weixin.qq.com/s?__biz=MzIwMDk5MzMzMQ==&mid=2247484157&idx=1&sn=841cb7557b27064f9b07c208508bce69&chksm=96f5fda1a18274b74e07045604e57f5f398179a886641dc54c8d89c45b225ae6b73e63063389#rd
2019-01-01 20:01:09,877 save images 4
2019-01-01 20:01:10,062 download image 青羊参原植物（广西猫儿山） http://mmbiz.qpic.cn/mmbiz_jpg/iacYjljtoTCjwt6niae2JvfFhAia09UPaeia2k84GdxR5ffIYOzfEbr16VGpdj32SeEaXouQvOSwdbUEj4AVLhicx7A/0?wx_fmt=jpeg
2019-01-01 20:01:11,296 download image 青羊参原植物（广西猫儿山） http://mmbiz.qpic.cn/mmbiz_jpg/iacYjljtoTCjwt6niae2JvfFhAia09UPaeiaia9wrs1OEUwObP6XMM4JSnYmedjeyB9SUMJ7Qt05VwxAfrq3K8ZPtmg/0?wx_fmt=jpeg
2019-01-01 20:01:12,846 download image 0 http://mmbiz.qpic.cn/mmbiz_jpg/iacYjljtoTCjwt6niae2JvfFhAia09UPaeiaCFfzO2d9gicILjtMpk6iaGDWhgjmcFH5P8sH7P3ibnAuZ4HAKK0zsvIlA/0?wx_fmt=jpeg
2019-01-01 20:01:14,119 download image 1 http://mmbiz.qpic.cn/mmbiz_jpg/iacYjljtoTCjwt6niae2JvfFhAia09UPaeiaequIHTQJia3SUDBlhfWBUIrdibr5IoW01twMJRlYV9wyicyG37PS2Lh2Q/0?wx_fmt=jpeg
2019-01-01 20:01:16,115 now crawl http://mp.weixin.qq.com/s?__biz=MzIwMDk5MzMzMQ==&mid=2247484150&idx=1&sn=bda02bc6993d47a052b04fdab9db0d9f&chksm=96f5fdaaa18274bc8935a3edef677cc73eb8d740a2d450e9e247e40f3ea67baccbd34897d3e0#rd
2019-01-01 20:01:17,687 now analyse http://mp.weixin.qq.com/s?__biz=MzIwMDk5MzMzMQ==&mid=2247484150&idx=1&sn=bda02bc6993d47a052b04fdab9db0d9f&chksm=96f5fdaaa18274bc8935a3edef677cc73eb8d740a2d450e9e247e40f3ea67baccbd34897d3e0#rd
2019-01-01 20:01:19,980 save images 5
2019-01-01 20:01:20,140 download image 银粉背蕨（北京泗马沟）


叶背面银白 http://mmbiz.qpic.cn/mmbiz_jpg/iacYjljtoTCiar1RXh1KHN2nbXVZ1P6uQdoZwL4ZTBvT2HIribTPdS1Mep2HneicntiaxWqMZeej1VxwicqnQJPrLC8w/0?wx_fmt=jpeg
2019-01-01 20:01:21,565 download image 银粉背蕨（北京泗马沟）


叶背面银白 http://mmbiz.qpic.cn/mmbiz_jpg/iacYjljtoTCiar1RXh1KHN2nbXVZ1P6uQdOeaq53PqWL2ekicveQLPcWh1w4mjibAFEdibib4QW15q8IHwJkvicAcgBUQ/0?wx_fmt=jpeg
2019-01-01 20:01:22,413 download image 银粉背蕨全株 http://mmbiz.qpic.cn/mmbiz_jpg/iacYjljtoTCiar1RXh1KHN2nbXVZ1P6uQdE64A4C6hv2Uw3cicxXpTtUoqNHwHEZ3ZXVq04pYM1VlawPMfXBXwSQw/0?wx_fmt=jpeg
2019-01-01 20:01:23,904 download image 银粉背蕨（北京泗马沟）


叶背面银白 http://mmbiz.qpic.cn/mmbiz_jpg/iacYjljtoTChauu52INRFrMn8Ls6gOzZGK3xAYhI9eXU11bX74BU177m0of2lGNY9IXfgian4G7XXVtvYNvmhkfQ/0?wx_fmt=jpeg
2019-01-01 20:01:25,821 download image 银粉背蕨全株 http://mmbiz.qpic.cn/mmbiz_jpg/iacYjljtoTCiar1RXh1KHN2nbXVZ1P6uQdSo6suwfReAuxJrvNlQ30bdORMLc4IsaJzMWibT25BBKXXnvAPmP97ow/0?wx_fmt=jpeg
2019-01-01 20:01:27,155 now crawl http://mp.weixin.qq.com/s?__biz=MzIwMDk5MzMzMQ==&mid=2247484150&idx=2&sn=4c69f10341e276d444ad36abc75b2002&chksm=96f5fdaaa18274bc7e372ddc358dd6bf41afb5076b0ebad3873b3e2cd82464a7c393ec80e9d4#rd
2019-01-01 20:01:28,084 now analyse http://mp.weixin.qq.com/s?__biz=MzIwMDk5MzMzMQ==&mid=2247484150&idx=2&sn=4c69f10341e276d444ad36abc75b2002&chksm=96f5fdaaa18274bc7e372ddc358dd6bf41afb5076b0ebad3873b3e2cd82464a7c393ec80e9d4#rd
2019-01-01 20:01:35,013 save images 8
2019-01-01 20:01:35,147 download image 0 http://mmbiz.qpic.cn/mmbiz_jpg/iacYjljtoTCiaFs3FH6viaUImMpgkv1CBcDlyu5XiaTfUaXfEvXiaxN09G2e9MY7nbTVdeXuoJ6EduF0v6IgRgtOt7w/0?wx_fmt=jpeg
2019-01-01 20:01:36,085 download image 1 http://mmbiz.qpic.cn/mmbiz_jpg/iacYjljtoTCiar1RXh1KHN2nbXVZ1P6uQdoevG6p2RMHWHAAbWo6l3r7CeYdsQAGdIaDicO6icu6dZLaSxWiblDdBuA/0?wx_fmt=jpeg
2019-01-01 20:01:38,035 download image 2 http://mmbiz.qpic.cn/mmbiz_jpg/iacYjljtoTCiaFs3FH6viaUImMpgkv1CBcDVYA1ibJLnBmlwCx0yicCkW6JQkPnILnxWj6COaznntUxzvYeqRUBYM0A/0?wx_fmt=jpeg
2019-01-01 20:01:38,927 download image 3 http://mmbiz.qpic.cn/mmbiz_jpg/iacYjljtoTCiaFs3FH6viaUImMpgkv1CBcD1ZcicbaL8TrpJ5DStPfLRqjz0ZJHa2icffs9BmaooggVtiaoweREGCyew/0?wx_fmt=jpeg
2019-01-01 20:01:40,128 download image 艾—叶片 http://mmbiz.qpic.cn/mmbiz_jpg/iacYjljtoTCiar1RXh1KHN2nbXVZ1P6uQdRHhxw6iavNR5jH2ZbJMygnybPk8faI1faScHzQseB03VP2VYviaLnIsw/0?wx_fmt=jpeg
2019-01-01 20:01:41,407 download image 艾—叶片 http://mmbiz.qpic.cn/mmbiz_jpg/iacYjljtoTCiar1RXh1KHN2nbXVZ1P6uQdcSV08d0RVsW2pTpFFa1HzOGE5GCE7KfemQ1vypO6QwlFK9VbjNvI9g/0?wx_fmt=jpeg
2019-01-01 20:01:43,049 download image 4 http://mmbiz.qpic.cn/mmbiz_jpg/iacYjljtoTCiar1RXh1KHN2nbXVZ1P6uQdiamrTbFaYglsRGQjy3iabtsZib9qpPtHSOd6iaAxUNzNib2IM1NtnrLcKrA/0?wx_fmt=jpeg
2019-01-01 20:01:44,038 download image 5 http://mmbiz.qpic.cn/mmbiz_jpg/iacYjljtoTCiar1RXh1KHN2nbXVZ1P6uQd3EAESiblDCKfVBQwh8X6ujDL0ib8a6uTaAxWLDQ3mM8HWup6YCCc5BZQ/0?wx_fmt=jpeg
2019-01-01 20:01:45,964 now crawl http://mp.weixin.qq.com/s?__biz=MzIwMDk5MzMzMQ==&mid=2247484125&idx=1&sn=14adf621bdde3f79085460886f74cd6a#rd
2019-01-01 20:01:47,927 now analyse http://mp.weixin.qq.com/s?__biz=MzIwMDk5MzMzMQ==&mid=2247484125&idx=1&sn=14adf621bdde3f79085460886f74cd6a#rd
2019-01-01 20:01:50,085 save images 4
2019-01-01 20:01:50,194 download image 0 http://mmbiz.qpic.cn/mmbiz_jpg/iacYjljtoTChauu52INRFrMn8Ls6gOzZGcb6npsrQPe9ewSeEVwOVOH6flkf7L8JcsnCdgKeibqxg2JKQVtqMLQg/0?wx_fmt=jpeg
2019-01-01 20:01:51,740 download image 1 http://mmbiz.qpic.cn/mmbiz_jpg/iacYjljtoTChauu52INRFrMn8Ls6gOzZGU9OiaxEykPJSPjnZKyF8JOibMdhzDVwQUIdwJpo5icODbNo4fBZBox0AA/0?wx_fmt=jpeg
2019-01-01 20:01:52,947 download image 雀儿舌头（北京房山坡峰岭） http://mmbiz.qpic.cn/mmbiz_jpg/iacYjljtoTChauu52INRFrMn8Ls6gOzZGnWrqM0ibjF9u8kksrlBOUht2icE13YfibmHzCN69rOEdYLUFo9lSXKy0A/0?wx_fmt=jpeg
2019-01-01 20:01:54,762 download image 雀儿舌头（北京房山坡峰岭） http://mmbiz.qpic.cn/mmbiz_jpg/iacYjljtoTChauu52INRFrMn8Ls6gOzZGicfdpvUOLbPwIRhOFfUzticNMMyOgysgDbeh0alUPFicv6CsR2JyrAhJw/0?wx_fmt=jpeg
2019-01-01 20:01:56,654 now crawl http://mp.weixin.qq.com/s?__biz=MzIwMDk5MzMzMQ==&mid=2247484125&idx=2&sn=58886a2e98f3ff88d91d90dac43f3917#rd
2019-01-01 20:01:57,404 now analyse http://mp.weixin.qq.com/s?__biz=MzIwMDk5MzMzMQ==&mid=2247484125&idx=2&sn=58886a2e98f3ff88d91d90dac43f3917#rd
2019-01-01 20:02:03,403 save images 12
2019-01-01 20:02:03,517 download image 0 http://mmbiz.qpic.cn/mmbiz_jpg/iacYjljtoTCiaNYxibl2kwK03hwHcibTXQjZHbNjiaGfMfqZlgC4LicZNQqibC7h9LsTxSo8yByD6AgkNIPRmlFmPn5JA/0?wx_fmt=jpeg
2019-01-01 20:02:07,911 download image 那如果两者非要进行区别怎么区分只有从两者的茎节上区分，挂金灯茎节明显肿大，而酸浆茎节较小。 http://mmbiz.qpic.cn/mmbiz_jpg/iacYjljtoTCiaNYxibl2kwK03hwHcibTXQjZy7QeDrMSZJfypQSFiaNDm5wjbtOkA3O1m68HB4NhibfDbkJPXwSzn0Ug/0?wx_fmt=jpeg
2019-01-01 20:02:10,657 download image 挂金灯（上图）和酸浆（下图）对比 http://mmbiz.qpic.cn/mmbiz_jpg/iacYjljtoTCiaNYxibl2kwK03hwHcibTXQjZhF8pV7mDIZv3r3F5GqDfClCgC4y4eeARIsM5iaj3JJXFfC6WBxajeFg/0?wx_fmt=jpeg
2019-01-01 20:02:11,861 download image （1）看花色，酸浆花白色且基部为绿斑点，灯笼果花钟状黄色且基部紫黑色。 http://mmbiz.qpic.cn/mmbiz_jpg/iacYjljtoTCiaNYxibl2kwK03hwHcibTXQjZibeFhxaTibnrdF5oPv3tbIicxlaOoSDSMhtaQvmLKfeGcbSicq6kibpiaLcQ/0?wx_fmt=jpeg
2019-01-01 20:02:13,979 download image 1 http://mmbiz.qpic.cn/mmbiz_jpg/iacYjljtoTCiaNYxibl2kwK03hwHcibTXQjZSz4RMKR3WCZWDc93VUPTnPheyuwzBQiah6cwarQ20d52JJ7IvCLBveA/0?wx_fmt=jpeg
2019-01-01 20:02:15,075 download image 2 http://mmbiz.qpic.cn/mmbiz_jpg/iacYjljtoTCiaNYxibl2kwK03hwHcibTXQjZfGIcH9H0nfHNyF98egib6SCictYhfGf4ia0BgcKrmcNdYksHHpx0icOESA/0?wx_fmt=jpeg
2019-01-01 20:02:17,625 download image 灯笼果   Physalis peruvana http://mmbiz.qpic.cn/mmbiz_jpg/iacYjljtoTCiaNYxibl2kwK03hwHcibTXQjZUqFt9icSw0S1PkruWCJKC9rh5SRicRdJ9n0XRO85TveDt59jsMH8X7cA/0?wx_fmt=jpeg
2019-01-01 20:02:18,559 download image 3 http://mmbiz.qpic.cn/mmbiz_jpg/iacYjljtoTCiaNYxibl2kwK03hwHcibTXQjZoQicOjo7anbS2ibup8sRAleuLkGDAWO59icOibKfLJbdQqariaVMicfZKeaA/0?wx_fmt=jpeg
2019-01-01 20:02:19,496 download image 酸浆Physalis alkengil http://mmbiz.qpic.cn/mmbiz_jpg/iacYjljtoTCiaNYxibl2kwK03hwHcibTXQjZib2r9ysYDB4LsxV3sxloOQQhMHxU7Bt6Mw3XAVs4htqQRk80iaaGUc2g/0?wx_fmt=jpeg
2019-01-01 20:02:21,105 download image 4 http://mmbiz.qpic.cn/mmbiz_jpg/iacYjljtoTCiaNYxibl2kwK03hwHcibTXQjZtu9YPRyeII7FJlP3drtFUphU3a39myxxVIH96pc7X0vAEibuzPcpOVQ/0?wx_fmt=jpeg
2019-01-01 20:02:22,421 download image 市场上的“姑娘儿” http://mmbiz.qpic.cn/mmbiz_jpg/iacYjljtoTCiaNYxibl2kwK03hwHcibTXQjZwbmCPZiakt5DKwNUh2ddsZWzpLDOcmBoiawHWFWSBLu27shibwVcCIURA/0?wx_fmt=jpeg
2019-01-01 20:02:23,984 download image 那我们先看看酸浆Physalis alkengil http://mmbiz.qpic.cn/mmbiz_jpg/iacYjljtoTCiaNYxibl2kwK03hwHcibTXQjZRHBDL0nibZ0qMkL6cITRNiaiaZoAeMASnXcex76OIw0ZQQHawGcKHUZmA/0?wx_fmt=jpeg
2019-01-01 20:02:24,999 now crawl http://mp.weixin.qq.com/s?__biz=MzIwMDk5MzMzMQ==&mid=2247484107&idx=1&sn=75d595900f2e7cb8ccb83d9d36aa7121#rd
2019-01-01 20:02:26,190 now analyse http://mp.weixin.qq.com/s?__biz=MzIwMDk5MzMzMQ==&mid=2247484107&idx=1&sn=75d595900f2e7cb8ccb83d9d36aa7121#rd
2019-01-01 20:02:31,051 save images 11
2019-01-01 20:02:31,262 download image 墓头回，原来有一个传说，古代一位大夫在行医途中，因用此药挽救一位垂死的孕妇，而得名。 http://mmbiz.qpic.cn/mmbiz_jpg/iacYjljtoTCj18cXxEXtCiaEjNgcu0Kr8Cq63zhBU9iaHlnAq6Tn2sEHnT3vKicibPwTunuW2TWzGjlV7wqC133gGLg/0?wx_fmt=jpeg
2019-01-01 20:02:32,951 download image 0 http://mmbiz.qpic.cn/mmbiz_jpg/iacYjljtoTCj18cXxEXtCiaEjNgcu0Kr8CKsdaO10pxLicKQ5prcV4zicSCgBdwDSjBPaibTM3bpHAic7X2t76YW4G0g/0?wx_fmt=jpeg
2019-01-01 20:02:34,217 download image 异叶败酱全株（基部叶羽状全裂，茎中上部不裂） http://mmbiz.qpic.cn/mmbiz_jpg/iacYjljtoTCj18cXxEXtCiaEjNgcu0Kr8CVtYuX9vmrmmIrvwTgyxIQcFibd8ibibpicuMLwAHtqjCnHoS3WDvxjSTCg/0?wx_fmt=jpeg
2019-01-01 20:02:35,500 download image 糙叶败酱成株（茎生叶羽状披针形半裂至全裂） http://mmbiz.qpic.cn/mmbiz_jpg/iacYjljtoTCj18cXxEXtCiaEjNgcu0Kr8CUfkGw2u9MyQMG02JyuesDXTXtKRhRcjW8JJ3ickQ8XGUZMrUPiaSUCFw/0?wx_fmt=jpeg
2019-01-01 20:02:37,042 download image 1 http://mmbiz.qpic.cn/mmbiz_jpg/iacYjljtoTCj18cXxEXtCiaEjNgcu0Kr8CkCrQz4V63bkD0EstlkJDvGyW63f6iaIRYJE20sUpQaEfsJbPibqa8ACA/0?wx_fmt=jpeg
2019-01-01 20:02:39,309 download image 异叶败酱 http://mmbiz.qpic.cn/mmbiz_jpg/iacYjljtoTCj18cXxEXtCiaEjNgcu0Kr8CEZ4un8I3RiabCSV5mK2VcZTCmS0sXZs1ocRt9LBr7IAz7LRkpqNTong/0?wx_fmt=jpeg
2019-01-01 20:02:40,375 download image 糙叶败酱基生苗（叶片羽状深裂或全裂） http://mmbiz.qpic.cn/mmbiz_jpg/iacYjljtoTCj18cXxEXtCiaEjNgcu0Kr8CAfiblz5OOVwX3wKH84NvTF9yqMgY4tia381HXhtCzsEvCBeUC2e3A3qw/0?wx_fmt=jpeg
2019-01-01 20:02:41,581 download image 2 http://mmbiz.qpic.cn/mmbiz_jpg/iacYjljtoTCj18cXxEXtCiaEjNgcu0Kr8ClJZJAUjm3lwRBFaPDldnorcxfRSZf7h6ibTH0l96Oia5XeIo0eicMtnqQ/0?wx_fmt=jpeg
2019-01-01 20:02:42,934 download image 3 http://mmbiz.qpic.cn/mmbiz_jpg/iacYjljtoTCj18cXxEXtCiaEjNgcu0Kr8C1TiaR5hSDQfHOiapD8Ribo9lYS62lvF9fs2NOUOG5ibz72dicvTI2DqmvPw/0?wx_fmt=jpeg
2019-01-01 20:02:43,753 download image 糙叶败酱成株（茎生叶羽状披针形半裂至全裂） http://mmbiz.qpic.cn/mmbiz_jpg/iacYjljtoTCj18cXxEXtCiaEjNgcu0Kr8CGfarcvHQVtcAhD49iaicSSc7uqOXaQHX1g2ky9zf6bFe4a5qT6TDquOA/0?wx_fmt=jpeg
2019-01-01 20:02:45,163 download image 糙叶败酱 http://mmbiz.qpic.cn/mmbiz_jpg/iacYjljtoTCj18cXxEXtCiaEjNgcu0Kr8CWJeCIFltcMzUkuftt9Ed15KRcT95FDXDnCfuic3sfBftyqW1lD4sT8g/0?wx_fmt=jpeg
2019-01-01 20:02:48,900 now crawl http://mp.weixin.qq.com/s?__biz=MzIwMDk5MzMzMQ==&mid=2247484107&idx=2&sn=c90883e74b13f5c2364b072a52bb17cf#rd
2019-01-01 20:02:49,671 now analyse http://mp.weixin.qq.com/s?__biz=MzIwMDk5MzMzMQ==&mid=2247484107&idx=2&sn=c90883e74b13f5c2364b072a52bb17cf#rd
2019-01-01 20:02:53,871 save images 10
2019-01-01 20:02:53,993 download image 白薇（茎直立高达50厘米） http://mmbiz.qpic.cn/mmbiz_jpg/iacYjljtoTChauu52INRFrMn8Ls6gOzZGBeG6fP9yKMocnUxEAmZicFQmibSOP3xUglalOwPV5VBaQ1GKBv2IhRiag/0?wx_fmt=jpeg
2019-01-01 20:02:55,811 download image 蔓生白薇（茎上部缠绕，下部直立） http://mmbiz.qpic.cn/mmbiz_jpg/iacYjljtoTChauu52INRFrMn8Ls6gOzZGP8qoWiay2NfFBealhxo0mBH9bNH1xO91ibp1QhLGibxGpSmFrqSMtuA3w/0?wx_fmt=jpeg
2019-01-01 20:02:56,851 download image 蔓生白薇（北京房山坡峰岭拍摄） http://mmbiz.qpic.cn/mmbiz_jpg/iacYjljtoTChauu52INRFrMn8Ls6gOzZGibOFRibiaq7ckEgruFkBfdZaDkQwV8DYUUMDKBD1Stls5cLF61qUYdIvw/0?wx_fmt=jpeg
2019-01-01 20:02:57,994 download image 白薇（茎直立高达50厘米） http://mmbiz.qpic.cn/mmbiz_jpg/iacYjljtoTChauu52INRFrMn8Ls6gOzZGPnKoZO1fEU8GhBc8FNLDpeGcYvmIuxRbhGUIkfNnHTgLTVOnpQicEcg/0?wx_fmt=jpeg
2019-01-01 20:02:59,290 download image 白薇（茎直立高达50厘米） http://mmbiz.qpic.cn/mmbiz_jpg/iacYjljtoTChauu52INRFrMn8Ls6gOzZG0vMsjIuwbX4YLWUibvrviaPlJCd8sfkBsSLE9mosDc66tgV1y5bmgWWQ/0?wx_fmt=jpeg
2019-01-01 20:03:01,349 download image 这一期看看中药里的一个品种白薇，它的基源有两种分别为白薇（直立白薇）和蔓生白薇（变色白前）。 http://mmbiz.qpic.cn/mmbiz_jpg/iacYjljtoTChauu52INRFrMn8Ls6gOzZGcupQ3Ivvq3U4gBDdbNOvWpop5ibOpDAMJ3iciaIDNt1v1fTrQP84hensg/0?wx_fmt=jpeg
2019-01-01 20:03:02,743 download image 蔓生白薇（北京房山坡峰岭拍摄） http://mmbiz.qpic.cn/mmbiz_jpg/iacYjljtoTChauu52INRFrMn8Ls6gOzZGoRUFIe102X0dniachFzcDoEkarJ4L7YMs3Dp7ggLp2dLR9CPZ7HZlicQ/0?wx_fmt=jpeg
2019-01-01 20:03:03,375 download image 这一期看看中药里的一个品种白薇，它的基源有两种分别为白薇（直立白薇）和蔓生白薇（变色白前）。 http://mmbiz.qpic.cn/mmbiz_jpg/iacYjljtoTChauu52INRFrMn8Ls6gOzZGl0BFoaVPrhh4SU6Q6X8cXKVh00t2ZafoKN4ibiap9Oibx5SiaZW0Wxictpw/0?wx_fmt=jpeg
2019-01-01 20:03:04,901 download image 白薇（茎直立高达50厘米） http://mmbiz.qpic.cn/mmbiz_jpg/iacYjljtoTChauu52INRFrMn8Ls6gOzZG1tdY7RqFFBnbKH4zvpicyicOEfjaToibILQ59ljpZjhjqicLzzUVMFeibAQ/0?wx_fmt=jpeg
2019-01-01 20:03:06,461 download image 白薇（茎直立高达50厘米） http://mmbiz.qpic.cn/mmbiz_jpg/iacYjljtoTChauu52INRFrMn8Ls6gOzZGvicYEhQTp8bb3y1T1AgDUCoWVabeO0giaYyAK1WCsEs8rLHJnVGLvbYA/0?wx_fmt=jpeg
2019-01-01 20:03:07,737 now crawl http://mp.weixin.qq.com/s?__biz=MzIwMDk5MzMzMQ==&mid=2247484011&idx=1&sn=f0987456d2d0857bdafb851b8e6189fd#rd
2019-01-01 20:03:08,348 now analyse http://mp.weixin.qq.com/s?__biz=MzIwMDk5MzMzMQ==&mid=2247484011&idx=1&sn=f0987456d2d0857bdafb851b8e6189fd#rd
2019-01-01 20:03:09,823 save images 4
2019-01-01 20:03:09,996 download image  
兔儿伞原植物 http://mmbiz.qpic.cn/mmbiz_jpg/iacYjljtoTCj18cXxEXtCiaEjNgcu0Kr8C1oIBDp2xQfTYNDSZWkuXIHneK3nspBm5uedMU6vl0UmV5j1NhoWfPg/0?wx_fmt=jpeg
2019-01-01 20:03:11,388 download image 兔儿伞花序 http://mmbiz.qpic.cn/mmbiz_jpg/iacYjljtoTCj18cXxEXtCiaEjNgcu0Kr8CVccoLN800H4IwGJNicw9umJBJqb8cZHegdD4MafLM2jiacffzLb6OFTg/0?wx_fmt=jpeg
2019-01-01 20:03:13,404 download image 兔儿伞花序 http://mmbiz.qpic.cn/mmbiz_jpg/iacYjljtoTCj18cXxEXtCiaEjNgcu0Kr8C6lepdBXvaXr5p8bFAGicbPDiaFE4lLW5Rg4icGM5h1T5WZB0AyFWkeKrQ/0?wx_fmt=jpeg
2019-01-01 20:03:14,927 download image  
兔儿伞原植物 http://mmbiz.qpic.cn/mmbiz_jpg/iacYjljtoTCj18cXxEXtCiaEjNgcu0Kr8CpFmU2BRnsvFFO9Zn9sHCPzzqdWa6CCjJhwSh6BYMj9UxSIiakPLS28g/0?wx_fmt=jpeg
2019-01-01 20:03:15,645 now crawl http://mp.weixin.qq.com/s?__biz=MzIwMDk5MzMzMQ==&mid=2247484011&idx=2&sn=9c59bfdeea1099591dad62bf95d2ece7#rd
2019-01-01 20:03:16,688 now analyse http://mp.weixin.qq.com/s?__biz=MzIwMDk5MzMzMQ==&mid=2247484011&idx=2&sn=9c59bfdeea1099591dad62bf95d2ece7#rd
2019-01-01 20:03:18,403 save images 5
2019-01-01 20:03:18,496 download image 膜荚黄芪（植株高大直立，达1米左右） http://mmbiz.qpic.cn/mmbiz_jpg/iacYjljtoTCj18cXxEXtCiaEjNgcu0Kr8CLV0qzwuXyib3zAFZyWwCicf0foCUbkrtXZ7ukhrJAkb9ZrvOTAGMqB5w/0?wx_fmt=jpeg
2019-01-01 20:03:19,668 download image 蒙古黄芪（植株矮小，略匍匐） http://mmbiz.qpic.cn/mmbiz_jpg/iacYjljtoTCj18cXxEXtCiaEjNgcu0Kr8C3EXFe18yZFjFPlUsVVAoeyhtjFbaETbJXrBiaCicwXtppSDUEia1C2dHg/0?wx_fmt=jpeg
2019-01-01 20:03:21,763 download image 《中国药典》收录了两种来源分别为蒙古黄芪和膜荚黄芪做黄芪药材用。 http://mmbiz.qpic.cn/mmbiz_jpg/iacYjljtoTCj18cXxEXtCiaEjNgcu0Kr8CR4RuzSib6bAGUibyr1shlIGpGxFBgBzZEQOH0dpib3eqSKgocHgJKfjlQ/0?wx_fmt=jpeg
2019-01-01 20:03:23,194 download image 膜荚黄芪（植株高大直立，达1米左右） http://mmbiz.qpic.cn/mmbiz_jpg/iacYjljtoTCj18cXxEXtCiaEjNgcu0Kr8C6Gq0ciaGluKCHlmgKTb2OtTNyNhAnOQgD2ozcx5wB1j6Ce8MyJUxcEA/0?wx_fmt=jpeg
2019-01-01 20:03:24,710 download image 蒙古黄芪（植株矮小，略匍匐） http://mmbiz.qpic.cn/mmbiz_jpg/iacYjljtoTCj18cXxEXtCiaEjNgcu0Kr8CqMM6MJtqibakpj79Bn6gtySG4VGibghhQpaahLN70sbxDDOdwOWx6oNg/0?wx_fmt=jpeg
2019-01-01 20:03:25,934 now crawl http://mp.weixin.qq.com/s?__biz=MzIwMDk5MzMzMQ==&mid=2247483986&idx=1&sn=20005508ad2c6135906911e71338430a&chksm=96f5fd0ea18274189c8267c9392c2d68a3fb717acee8475c942948ecc453bdacb2920fcc738d#rd
2019-01-01 20:03:26,928 now analyse http://mp.weixin.qq.com/s?__biz=MzIwMDk5MzMzMQ==&mid=2247483986&idx=1&sn=20005508ad2c6135906911e71338430a&chksm=96f5fd0ea18274189c8267c9392c2d68a3fb717acee8475c942948ecc453bdacb2920fcc738d#rd
2019-01-01 20:03:28,292 save images 4
2019-01-01 20:03:28,434 download image 当药花序 http://mmbiz.qpic.cn/mmbiz_jpg/iacYjljtoTCjWawJgoFJMk8iboOd9H7ZqQGSYw68ticM74tnIic5ZiaYIdpktum019AeetVzfOUM9pnXEw3f01TgWfQ/0?wx_fmt=jpeg
2019-01-01 20:03:30,292 download image 瘤毛獐牙菜 http://mmbiz.qpic.cn/mmbiz_jpg/iacYjljtoTCjWawJgoFJMk8iboOd9H7ZqQPISp6kCMYdsrShFQtHHibniaKffHwS58Eh3XibsSjdEhicQhIvD73NH3UQ/0?wx_fmt=jpeg
2019-01-01 20:03:31,565 download image 0 http://mmbiz.qpic.cn/mmbiz_jpg/iacYjljtoTCjWawJgoFJMk8iboOd9H7ZqQ550LwKPaohlAayrdjNQufmr0CGNB5kNGUyofBbP0MH5wDLazrMN3BA/0?wx_fmt=jpeg
2019-01-01 20:03:32,582 download image 当药全株 http://mmbiz.qpic.cn/mmbiz_jpg/iacYjljtoTCjWawJgoFJMk8iboOd9H7ZqQqnica30ejjIQ85CD5XfrkkAzQicsc4dJcfyh6tIibjuW912n8giaV1vtrg/0?wx_fmt=jpeg
2019-01-01 20:03:33,553 now crawl http://mp.weixin.qq.com/s?__biz=MzIwMDk5MzMzMQ==&mid=2247483986&idx=2&sn=b1a06e611ec6efb3375f4c4d2ee81757&chksm=96f5fd0ea1827418a3924eebc8013467ec75794baa3d5b2e1cfe5ce35313c7716e45b9f68987#rd
2019-01-01 20:03:34,107 now analyse http://mp.weixin.qq.com/s?__biz=MzIwMDk5MzMzMQ==&mid=2247483986&idx=2&sn=b1a06e611ec6efb3375f4c4d2ee81757&chksm=96f5fd0ea1827418a3924eebc8013467ec75794baa3d5b2e1cfe5ce35313c7716e45b9f68987#rd
2019-01-01 20:04:03,098 save images 32
2019-01-01 20:04:03,535 download image 0 http://mmbiz.qpic.cn/mmbiz_jpg/iacYjljtoTCj18cXxEXtCiaEjNgcu0Kr8CibPDRt8ibgbf993YiaKI8YVAWBj97W6r28snicB3p3gZnYaaFBPgzEFTkw/0?wx_fmt=jpeg
2019-01-01 20:04:04,710 download image 1 http://mmbiz.qpic.cn/mmbiz_jpg/iacYjljtoTCj18cXxEXtCiaEjNgcu0Kr8CVaLRvdwIEialTdRmnHojE9AGLuCP1oibqEk7o8JXwYA1FrVDrsiaCgFzQ/0?wx_fmt=jpeg
2019-01-01 20:04:06,055 download image 2 http://mmbiz.qpic.cn/mmbiz_jpg/iacYjljtoTCj18cXxEXtCiaEjNgcu0Kr8CvDrDyNrUic6vgY0QFHcj4IgNjTRGmLpbtB0xxpyqXgxZHNM0Q0hMeaA/0?wx_fmt=jpeg
2019-01-01 20:04:08,479 download image 3 http://mmbiz.qpic.cn/mmbiz_jpg/iacYjljtoTCj18cXxEXtCiaEjNgcu0Kr8Cr1hNUHD2v4ibgHrvrpYbJqn2o3aqavZkicVSxIoTodAuKVqzicIaHWwVw/0?wx_fmt=jpeg
2019-01-01 20:04:09,825 download image 4 http://mmbiz.qpic.cn/mmbiz_jpg/iacYjljtoTCj18cXxEXtCiaEjNgcu0Kr8CzW1mfkNjWibL4UfCdogNyicg2eibKCfBW3TLb53RGoGNORa1ERIGiapzyw/0?wx_fmt=jpeg
2019-01-01 20:04:11,325 download image 5 http://mmbiz.qpic.cn/mmbiz_jpg/iacYjljtoTCj18cXxEXtCiaEjNgcu0Kr8C80jvBvuwERccaxwrPOY6EibvyicxiaZtpsrRWGicOpNzftVLxibzupicIEAw/0?wx_fmt=jpeg
2019-01-01 20:04:13,315 download image 6 http://mmbiz.qpic.cn/mmbiz_jpg/iacYjljtoTCj18cXxEXtCiaEjNgcu0Kr8CET7A9x4VDN26aPyzpJvl97nOXefNgX92gY8ibZDM8t2Ul0xwdGU6mQQ/0?wx_fmt=jpeg
2019-01-01 20:04:14,786 download image 7 http://mmbiz.qpic.cn/mmbiz_jpg/iacYjljtoTCj18cXxEXtCiaEjNgcu0Kr8Ck6GRQ71QVS2eiayFon7eBdQj7zdo2LBvhh39saTSrqAPMNp8gpa5OyA/0?wx_fmt=jpeg
2019-01-01 20:04:16,898 download image 8 http://mmbiz.qpic.cn/mmbiz_jpg/iacYjljtoTCj18cXxEXtCiaEjNgcu0Kr8CArBgIf09j2KnAxWyDOyt2QpXK4s5MdiaIx4tKHLnMHknqic8nXEMFOHQ/0?wx_fmt=jpeg
2019-01-01 20:04:18,707 download image 9 http://mmbiz.qpic.cn/mmbiz_jpg/iacYjljtoTCj18cXxEXtCiaEjNgcu0Kr8C1VUS6wkOPZicPiaAg8P6uFibIbmu5icfuHSibpgicXFPu95SELcwX30Eagdg/0?wx_fmt=jpeg
2019-01-01 20:04:20,316 download image 10 http://mmbiz.qpic.cn/mmbiz_jpg/iacYjljtoTCj18cXxEXtCiaEjNgcu0Kr8C6z0ZxEZ3jgDfJte4C9ehAXDoyib0Henj6JeSEr5QH3OkIRYZ3th3row/0?wx_fmt=jpeg
2019-01-01 20:04:21,660 download image 11 http://mmbiz.qpic.cn/mmbiz_jpg/iacYjljtoTCj18cXxEXtCiaEjNgcu0Kr8CjFOmpSoCk7liaJwZP3JIGlWMOH70X2KjuIzPsb5eIWFsbUW6pqJBCbw/0?wx_fmt=jpeg
2019-01-01 20:04:22,759 download image 12 http://mmbiz.qpic.cn/mmbiz_jpg/iacYjljtoTCj18cXxEXtCiaEjNgcu0Kr8CqEXsR7nQMqAAHJiadNE5CFpiaL2DLgiaR5PgPoDTe8KyW00MMJtOamDicw/0?wx_fmt=jpeg
2019-01-01 20:04:23,503 download image 13 http://mmbiz.qpic.cn/mmbiz_jpg/iacYjljtoTCj18cXxEXtCiaEjNgcu0Kr8CWkWBYPtkNWgaByNsaFXyaImT5DaPXHljhTkIoNPVkLXUEFYLZFfr0g/0?wx_fmt=jpeg
2019-01-01 20:04:25,082 download image 14 http://mmbiz.qpic.cn/mmbiz_jpg/iacYjljtoTCj18cXxEXtCiaEjNgcu0Kr8CTHPb6hgm37cm5h2IBmgfTAuyw0Rl4gicwicvuibhk2EWSDOib2wzgYgsgA/0?wx_fmt=jpeg
2019-01-01 20:04:26,821 download image 15 http://mmbiz.qpic.cn/mmbiz_jpg/iacYjljtoTCj18cXxEXtCiaEjNgcu0Kr8CUYbLDibJMVsicFiarE3LyYePtiaibYBv1bYfV7eQQiaRAL0HfmI1qtxiaGRXA/0?wx_fmt=jpeg
2019-01-01 20:04:29,286 download image 16 http://mmbiz.qpic.cn/mmbiz_jpg/iacYjljtoTCj18cXxEXtCiaEjNgcu0Kr8CgYDTRZl9fWaVE9jiahHImFcHhAqf1PbaLOm1VYzSBxB58iaRYBCrXIfA/0?wx_fmt=jpeg
2019-01-01 20:04:31,026 download image 荆芥 http://mmbiz.qpic.cn/mmbiz_jpg/iacYjljtoTCj18cXxEXtCiaEjNgcu0Kr8CPymg8glwcMb22DsUiaCWN7hSRIvRjegwXpRXZyibkicjSx8ePHAkwasNQ/0?wx_fmt=jpeg
2019-01-01 20:04:32,776 download image 17 http://mmbiz.qpic.cn/mmbiz_jpg/iacYjljtoTCj18cXxEXtCiaEjNgcu0Kr8CbK0oNm0YUY5juibG3k7Ju93JXyuMBLUQw0JcL0tDiaR3qYjNzKvxHI5Q/0?wx_fmt=jpeg
2019-01-01 20:04:34,368 download image 18 http://mmbiz.qpic.cn/mmbiz_jpg/iacYjljtoTCj18cXxEXtCiaEjNgcu0Kr8CicgSjfibfj3fpmWumXoPTvI6iaibahdWELtaN7iaXybtAIkcMbSPS3WptKw/0?wx_fmt=jpeg
2019-01-01 20:04:35,122 download image 19 http://mmbiz.qpic.cn/mmbiz_jpg/iacYjljtoTCj18cXxEXtCiaEjNgcu0Kr8COzZ5YlGWNT6CYbucXD9FPk8M3FLvJFvg2X1xV3FEpRXRKQdfy8A8Yg/0?wx_fmt=jpeg
2019-01-01 20:04:37,107 download image 20 http://mmbiz.qpic.cn/mmbiz_jpg/iacYjljtoTCj18cXxEXtCiaEjNgcu0Kr8CIFde42GOs6ZiamJo4wRCNPiaoiaD5wPocs9xCicspwCicdItHBWnlH6ztFA/0?wx_fmt=jpeg
2019-01-01 20:04:39,188 download image 大蓟 http://mmbiz.qpic.cn/mmbiz_jpg/iacYjljtoTCj18cXxEXtCiaEjNgcu0Kr8CXicygZS4bVcxSSaFk4SLZFlMIJDF722jKRTqOySYvxBKP4hibpOeZ68Q/0?wx_fmt=jpeg
2019-01-01 20:04:40,657 download image 21 http://mmbiz.qpic.cn/mmbiz_jpg/iacYjljtoTCj18cXxEXtCiaEjNgcu0Kr8CCTjak8lSGy8hwPoDr2mic2iar4ZkicUqIX14aHnUWvcafFICyfXHBwQtQ/0?wx_fmt=jpeg
2019-01-01 20:04:42,207 download image 22 http://mmbiz.qpic.cn/mmbiz_jpg/iacYjljtoTCj18cXxEXtCiaEjNgcu0Kr8CqMM6MJtqibakpj79Bn6gtySG4VGibghhQpaahLN70sbxDDOdwOWx6oNg/0?wx_fmt=jpeg
2019-01-01 20:04:43,223 download image 23 http://mmbiz.qpic.cn/mmbiz_jpg/iacYjljtoTCj18cXxEXtCiaEjNgcu0Kr8CQiaicNEgl5G28fsMeeZPOeNA95Yn2rt3wBicqM3D55AZT1KZeJ1OOUH2w/0?wx_fmt=jpeg
2019-01-01 20:04:44,710 download image 24 http://mmbiz.qpic.cn/mmbiz_jpg/iacYjljtoTCj18cXxEXtCiaEjNgcu0Kr8CJfcQ3HfdmEomaybLj5oxcn2qt57xK8o6Nuo7tdO1uhISjAuTX6bMBA/0?wx_fmt=jpeg
2019-01-01 20:04:46,178 download image 25 http://mmbiz.qpic.cn/mmbiz_jpg/iacYjljtoTCj18cXxEXtCiaEjNgcu0Kr8CE32lWlwQIfrbib0OsW6lkc1stjHceOF4w9DRXD72f38fFlRAqwL0HWg/0?wx_fmt=jpeg
2019-01-01 20:04:48,871 download image 26 http://mmbiz.qpic.cn/mmbiz_jpg/iacYjljtoTCj18cXxEXtCiaEjNgcu0Kr8CtvcjbyBlZUZ1sz4bib2wmjVhjus1RGibo4BqqTH0YDUXrvBwuGMYOO6A/0?wx_fmt=jpeg
2019-01-01 20:04:51,101 download image 27 http://mmbiz.qpic.cn/mmbiz_jpg/iacYjljtoTCj18cXxEXtCiaEjNgcu0Kr8CmRtymFF9cdyRHkuId4erbWHibC3bLNibJeXVMO0WxABepekmlYASibozQ/0?wx_fmt=jpeg
2019-01-01 20:04:52,045 download image 28 http://mmbiz.qpic.cn/mmbiz_jpg/iacYjljtoTCj18cXxEXtCiaEjNgcu0Kr8CpSXZKdcDSKAcqWHZHlK0A1d4JkssLBLEVQsmEwibIZalkmsQwej4VJw/0?wx_fmt=jpeg
2019-01-01 20:04:53,335 download image 29 http://mmbiz.qpic.cn/mmbiz_jpg/iacYjljtoTCj18cXxEXtCiaEjNgcu0Kr8Cux31TiatPf4tXlqKcL0aVjBsyFR8XuqehVCxla48vMkjaNDWsByAibQg/0?wx_fmt=jpeg
2019-01-01 20:04:55,538 now crawl http://mp.weixin.qq.com/s?__biz=MzIwMDk5MzMzMQ==&mid=2247483923&idx=1&sn=95911a39e5b5571e7889b9ff83884556#rd
2019-01-01 20:04:56,963 now analyse http://mp.weixin.qq.com/s?__biz=MzIwMDk5MzMzMQ==&mid=2247483923&idx=1&sn=95911a39e5b5571e7889b9ff83884556#rd
2019-01-01 20:04:58,832 save images 4
2019-01-01 20:04:58,926 download image 大丁草（北京密云雾灵山拍摄） http://mmbiz.qpic.cn/mmbiz_jpg/iacYjljtoTCgDqxARB3BNMjDzE91I4R7lYlctqicSDGibB9BAMDU0ViceVRH3H5ibIJBRBXibOqtuSAznZntJSL0ZoKw/0?wx_fmt=jpeg
2019-01-01 20:05:01,691 download image 大丁草（北京密云雾灵山拍摄） http://mmbiz.qpic.cn/mmbiz_jpg/iacYjljtoTCgDqxARB3BNMjDzE91I4R7lqviaibRTbmfhWjABwZqsOVNzuIXQ5BFbqLU9oyuhCgP1EmHk6icgXx8Zw/0?wx_fmt=jpeg
2019-01-01 20:05:03,069 download image 大丁草（北京密云雾灵山拍摄） http://mmbiz.qpic.cn/mmbiz_jpg/iacYjljtoTCgDqxARB3BNMjDzE91I4R7lVa7scepKZmLX3rWbWbpZ2F4JXw7muv8AlZSyYiaB3iakkSWceghibH8mg/0?wx_fmt=jpeg
2019-01-01 20:05:05,367 download image 0 http://mmbiz.qpic.cn/mmbiz_jpg/iacYjljtoTCgDqxARB3BNMjDzE91I4R7lOxGZ5foBue3bBVf6jJ0TdiajLfLSia07bgsPpGKN8wwrAtKeQRbRhic5A/0?wx_fmt=jpeg
2019-01-01 20:05:07,351 now crawl http://mp.weixin.qq.com/s?__biz=MzIwMDk5MzMzMQ==&mid=2247483923&idx=2&sn=27f6cde2d69863ab136541fb12d8cad8#rd
2019-01-01 20:05:08,759 now analyse http://mp.weixin.qq.com/s?__biz=MzIwMDk5MzMzMQ==&mid=2247483923&idx=2&sn=27f6cde2d69863ab136541fb12d8cad8#rd
2019-01-01 20:05:10,400 save images 5
2019-01-01 20:05:10,588 download image 沙参（花瓣深裂，花成钟形，较大） http://mmbiz.qpic.cn/mmbiz_jpg/iacYjljtoTChTBqDVOC69GicoLe8ayVfGOucQicxxg302lP7iaRF3w9ybcY5YxQXLh7lrs2LwhyXRpn7JTStQBibaDA/0?wx_fmt=jpeg
2019-01-01 20:05:12,203 download image 花序轮生（北京百花山拍摄） http://mmbiz.qpic.cn/mmbiz_jpg/iacYjljtoTChTBqDVOC69GicoLe8ayVfGOksHSmzanJBArCyziaUmc1yc3Du1FnNQDHV9ow7TF41mEuxUU1EibwNBQ/0?wx_fmt=jpeg
2019-01-01 20:05:12,815 download image 轮叶沙参（叶片轮生） http://mmbiz.qpic.cn/mmbiz_jpg/iacYjljtoTCgDqxARB3BNMjDzE91I4R7lHGdWgG3LuDBelLyjDwCf2ia4srbV47dkAxKIN9yy68hGLt4D3odUDDg/0?wx_fmt=jpeg
2019-01-01 20:05:14,819 download image 0 http://mmbiz.qpic.cn/mmbiz_jpg/iacYjljtoTChTBqDVOC69GicoLe8ayVfGOcEq3ibuOSe3EicAF5nPEGR1QTRibWsmoibJaAlicz1UN1FmPB3K5hcqm8BA/0?wx_fmt=jpeg
2019-01-01 20:05:15,709 download image 轮叶沙参（叶片轮生） http://mmbiz.qpic.cn/mmbiz_jpg/iacYjljtoTCgDqxARB3BNMjDzE91I4R7liao4cC8fsnL9ZOsoKV1odW9vsj7Zvf7QZglPOSvcibgHaSxlv1w6s8pg/0?wx_fmt=jpeg
2019-01-01 20:05:18,204 now crawl http://mp.weixin.qq.com/s?__biz=MzIwMDk5MzMzMQ==&mid=2247483919&idx=1&sn=b543fa657b99673a6cf60ad8b190db74&chksm=96f5fd53a1827445165d7077f3564358c2e970411d353d68c80fc32d34b38ef416130671f04e#rd
2019-01-01 20:05:19,447 now analyse http://mp.weixin.qq.com/s?__biz=MzIwMDk5MzMzMQ==&mid=2247483919&idx=1&sn=b543fa657b99673a6cf60ad8b190db74&chksm=96f5fd53a1827445165d7077f3564358c2e970411d353d68c80fc32d34b38ef416130671f04e#rd
2019-01-01 20:05:21,026 save images 3
2019-01-01 20:05:21,151 download image 泽漆（北京房山永定河拍摄） http://mmbiz.qpic.cn/mmbiz_jpg/iacYjljtoTCgDqxARB3BNMjDzE91I4R7lZyxsnicDKTfvUsLQMx9wKib5IHprnn9xmTQV9sKL73v532p6BdBIoBNw/0?wx_fmt=jpeg
2019-01-01 20:05:22,868 download image 泽漆（北京房山永定河拍摄） http://mmbiz.qpic.cn/mmbiz_jpg/iacYjljtoTCgDqxARB3BNMjDzE91I4R7l1bCxia1OfbgRwjrTia9CMADhgksSpmjicGibzziaeRrcmbUdamSh0T2l5FA/0?wx_fmt=jpeg
2019-01-01 20:05:23,848 download image 0 http://mmbiz.qpic.cn/mmbiz_jpg/iacYjljtoTCgDqxARB3BNMjDzE91I4R7lRbMdDC5emwo38FG40v2dky2GP25IY8nOBwpLXOSKXhT34euADGYU5Q/0?wx_fmt=jpeg
2019-01-01 20:05:24,973 now crawl http://mp.weixin.qq.com/s?__biz=MzIwMDk5MzMzMQ==&mid=2247483919&idx=2&sn=f8e915c70f04e77ee09a34cf599a146e&chksm=96f5fd53a182744586d0d2582101cddfdca56b5c38ad461db7e97b257814ec4c48049d792667#rd
2019-01-01 20:05:25,512 now analyse http://mp.weixin.qq.com/s?__biz=MzIwMDk5MzMzMQ==&mid=2247483919&idx=2&sn=f8e915c70f04e77ee09a34cf599a146e&chksm=96f5fd53a182744586d0d2582101cddfdca56b5c38ad461db7e97b257814ec4c48049d792667#rd
2019-01-01 20:05:28,592 save images 11
2019-01-01 20:05:28,723 download image 赤小豆—荚果（果实线圆柱形，细长，凹凸感不强，较光滑） http://mmbiz.qpic.cn/mmbiz_jpg/iacYjljtoTCgWPp0cdUeF8OibVZ2Ph7MniamqCXWKhmj712r2FsiaxkxzPmEHN9WIUWcbw7anNJWIKlu7OK9TxFeYA/0?wx_fmt=jpeg
2019-01-01 20:05:30,181 download image 赤豆图鉴 http://mmbiz.qpic.cn/mmbiz_jpg/iacYjljtoTCgWPp0cdUeF8OibVZ2Ph7MniauwIVmTD17jXhKdFGtoLClmicBfe2aibdKkF4bUyzRL1cyYO86HyMibaxw/0?wx_fmt=jpeg
2019-01-01 20:05:31,457 download image 赤小豆—叶（先端急尖，叶面纸质光滑） http://mmbiz.qpic.cn/mmbiz_jpg/iacYjljtoTCgWPp0cdUeF8OibVZ2Ph7MniawetCqccHT9DvfkoPky2LQ4fCIZYWRmy6rUVhnxkbhthl2WsC4xaPJA/0?wx_fmt=jpeg
2019-01-01 20:05:32,243 download image 赤豆—叶（先端宽三角形或近圆，侧生叶偏斜）

赤豆原植物（叶呈卵形或菱状卵形，披疏长毛） http://mmbiz.qpic.cn/mmbiz_jpg/iacYjljtoTCgWPp0cdUeF8OibVZ2Ph7MniaUlHTYqDgu4icriag7HjNWbtNZ0F9qouQiaPJ7WwLGt4xG45ZeK1oRqsjw/0?wx_fmt=jpeg
2019-01-01 20:05:33,196 download image 赤小豆图谱 http://mmbiz.qpic.cn/mmbiz_jpg/iacYjljtoTCgWPp0cdUeF8OibVZ2Ph7Mnia2chQ3eWaoaCsNO5M98CSMaybQ8Drs2gW2bTcTia8701RtwE4icib4qWDg/0?wx_fmt=jpeg
2019-01-01 20:05:34,321 download image 0 http://mmbiz.qpic.cn/mmbiz_jpg/iacYjljtoTCgWPp0cdUeF8OibVZ2Ph7MniaNsKm9XHfkeZ3OA9djf1taXWHHzTPyfra3RuHv8tzgGQlM9L5YhaWLw/0?wx_fmt=jpeg
2019-01-01 20:05:35,309 download image 赤小豆 http://mmbiz.qpic.cn/mmbiz_jpg/iacYjljtoTCgWPp0cdUeF8OibVZ2Ph7Mniak2ic9AdKUnNL6URLmR183zE2SqXddZ0tScicicfjCmcWqU8QvQt6tBM6w/0?wx_fmt=jpeg
2019-01-01 20:05:36,753 download image 赤豆荚果（圆柱形短粗，表皮凹凸感强） http://mmbiz.qpic.cn/mmbiz_jpg/iacYjljtoTCgWPp0cdUeF8OibVZ2Ph7Mnia1do4KBRX81SasqCTwoibagt1hvrY7nyv8eLCpRAD5BxFCibicT8KZgcuQ/0?wx_fmt=jpeg
2019-01-01 20:05:37,822 download image 赤豆—叶（先端宽三角形或近圆，侧生叶偏斜）

赤豆原植物（叶呈卵形或菱状卵形，披疏长毛） http://mmbiz.qpic.cn/mmbiz_jpg/iacYjljtoTCgWPp0cdUeF8OibVZ2Ph7MniaejcZ8UpCE7NCGqEibRmJeeLIpibJUQBBBFqIfhfkxqEiar8PnRQORDfpg/0?wx_fmt=jpeg
2019-01-01 20:05:38,598 download image 1 http://mmbiz.qpic.cn/mmbiz_jpg/iacYjljtoTCgDqxARB3BNMjDzE91I4R7licskibNguUGrEMdtM4vtez5JweUh9TCuO9k6fuNjLTjM0jQTUibZVzBCA/0?wx_fmt=jpeg
2019-01-01 20:05:39,615 download image 赤小豆图谱 http://mmbiz.qpic.cn/mmbiz_jpg/iacYjljtoTCgWPp0cdUeF8OibVZ2Ph7MniaGl4iaqGv8c9H06rdW5yJcfd2091CGEpcGSV9wVaOfn2nTxtfemYicryw/0?wx_fmt=jpeg
2019-01-01 20:05:40,473 now crawl http://mp.weixin.qq.com/s?__biz=MzIwMDk5MzMzMQ==&mid=2247483878&idx=1&sn=90b6c1113459388e6723b32a86be85bb#rd
2019-01-01 20:05:41,197 now analyse http://mp.weixin.qq.com/s?__biz=MzIwMDk5MzMzMQ==&mid=2247483878&idx=1&sn=90b6c1113459388e6723b32a86be85bb#rd
2019-01-01 20:05:44,743 save images 11
2019-01-01 20:05:44,900 download image 那么现在说说牛扁和关白附两者植物形态上怎么区别。先来看看两者花序 http://mmbiz.qpic.cn/mmbiz_jpg/iacYjljtoTChacAMZZL8NSMVU61nDvjFny1p5bnXV1Yr9wAq3BIx7zua7ib3J4MIC7CVJTiaspQ37P3DvWFoXL0vg/0?wx_fmt=jpeg
2019-01-01 20:05:45,882 download image 另外注意的是有一种植物拟黄花乌头也容易混淆。注意鉴别，拟黄花乌头花序短小，花苞稀少。 http://mmbiz.qpic.cn/mmbiz_jpg/iacYjljtoTChacAMZZL8NSMVU61nDvjFnZNq4bOkkueibAOuuwoiaOoT73SUFzlDUXktFzS4h8jSbP9exbkfK9a5w/0?wx_fmt=jpeg
2019-01-01 20:05:47,109 download image 牛扁原植物 http://mmbiz.qpic.cn/mmbiz_jpg/iacYjljtoTChacAMZZL8NSMVU61nDvjFn3o8okkfKXAvZ1c35oMNjwUDicpnCGNL1ufzeFQt0GgrRRrMYrFC9Lkg/0?wx_fmt=jpeg
2019-01-01 20:05:48,852 download image 鲜品关白附 http://mmbiz.qpic.cn/mmbiz_jpg/iacYjljtoTChacAMZZL8NSMVU61nDvjFnvibJaoiaUwTOotjE3xJWI9YexRFRKhmKT8Xfe3GLiariaMXwqsOnXiaKO4A/0?wx_fmt=jpeg
2019-01-01 20:05:49,680 download image 那么现在说说牛扁和关白附两者植物形态上怎么区别。先来看看两者花序 http://mmbiz.qpic.cn/mmbiz_jpg/iacYjljtoTChacAMZZL8NSMVU61nDvjFnDSMQgpe8SbH0IWIo2H6p7nUo6EDVvWgP8lv3yEw0KRPwyfCWchcW5A/0?wx_fmt=jpeg
2019-01-01 20:05:50,634 download image 0 http://mmbiz.qpic.cn/mmbiz_jpg/iacYjljtoTChacAMZZL8NSMVU61nDvjFnkgTibDJ80Gh3s2Ezpk0vq2Fm4eMVV2ac0bqVPK5OqibViaRKdNqCCKZNg/0?wx_fmt=jpeg
2019-01-01 20:05:52,322 download image 那么现在说说牛扁和关白附两者植物形态上怎么区别。先来看看两者花序 http://mmbiz.qpic.cn/mmbiz_jpg/iacYjljtoTChacAMZZL8NSMVU61nDvjFnq8jgEiafoXdvic5HMQa6bG8ibiaHcgiagH0ssvtDQeMkMMvzVcbic5JKW4bg/0?wx_fmt=jpeg
2019-01-01 20:05:53,265 download image 1 http://mmbiz.qpic.cn/mmbiz_jpg/iacYjljtoTChacAMZZL8NSMVU61nDvjFn2Xb252c8r2FQmkcak4opE3n3CszoeMXAia7lawgvbxzNaPczThY1AMg/0?wx_fmt=jpeg
2019-01-01 20:05:54,467 download image 2 http://mmbiz.qpic.cn/mmbiz_jpg/iacYjljtoTChacAMZZL8NSMVU61nDvjFnUEHOUp1fotuOccfCic3DCxwZvG6waR91JW5X54PiaDj24YUAUzxk5k3Q/0?wx_fmt=jpeg
2019-01-01 20:05:55,608 download image 虽然图片很粗糙，但是挺实用一目了然 http://mmbiz.qpic.cn/mmbiz_jpg/iacYjljtoTChacAMZZL8NSMVU61nDvjFnaLW2kQynDeLn3PFSbmHIKTkibM62aJBsJdmtNiat5nKQ2IgBwmhKzWUw/0?wx_fmt=jpeg
2019-01-01 20:05:56,671 download image 那么现在说说牛扁和关白附两者植物形态上怎么区别。先来看看两者花序 http://mmbiz.qpic.cn/mmbiz_jpg/iacYjljtoTChacAMZZL8NSMVU61nDvjFnJfqcN1S2fpxibVyhz21w8nF1NxxenuMefSoVhWsnFFzfp2Zo0bQHbVw/0?wx_fmt=jpeg
2019-01-01 20:05:58,206 now crawl http://mp.weixin.qq.com/s?__biz=MzIwMDk5MzMzMQ==&mid=2247483878&idx=2&sn=92cd383b152988a1bc6b1768f20b73be#rd
2019-01-01 20:05:59,375 now analyse http://mp.weixin.qq.com/s?__biz=MzIwMDk5MzMzMQ==&mid=2247483878&idx=2&sn=92cd383b152988a1bc6b1768f20b73be#rd
2019-01-01 20:05:59,434 save images 1
2019-01-01 20:05:59,611 download image 0 http://mmbiz.qpic.cn/mmbiz_jpg/iacYjljtoTChacAMZZL8NSMVU61nDvjFnP4LAiaDX4dSLj0DU5iaxhDL6tjvuGM6iben1NtoCO3Zia4ibXq8hL3qyVfg/0?wx_fmt=jpeg
2019-01-01 20:06:00,210 now crawl http://mp.weixin.qq.com/s?__biz=MzIwMDk5MzMzMQ==&mid=2247483878&idx=3&sn=f8a1ca667c7b45e423285f99df7318ea#rd
2019-01-01 20:06:00,651 now analyse http://mp.weixin.qq.com/s?__biz=MzIwMDk5MzMzMQ==&mid=2247483878&idx=3&sn=f8a1ca667c7b45e423285f99df7318ea#rd
2019-01-01 20:06:02,367 save images 6
2019-01-01 20:06:02,523 download image 庐山石韦植株高大，基部较宽，叶片多褶皱，叶片主脉粗壮，比较容易鉴别。 http://mmbiz.qpic.cn/mmbiz_jpg/iacYjljtoTChacAMZZL8NSMVU61nDvjFnHGEaY0k9X05YqmPNhFSSDBZ97EQwNp9hAFmz5MqanwfwWG0In3o4icA/0?wx_fmt=jpeg
2019-01-01 20:06:04,042 download image 庐山石韦 http://mmbiz.qpic.cn/mmbiz_jpg/iacYjljtoTChacAMZZL8NSMVU61nDvjFnvrouuKvpDGpYgnt7wWD1g2ddc5bprtGUGmPkOr6eGGgNemWUDthLGQ/0?wx_fmt=jpeg
2019-01-01 20:06:05,829 download image 庐山石韦植株高大，基部较宽，叶片多褶皱，叶片主脉粗壮，比较容易鉴别。 http://mmbiz.qpic.cn/mmbiz_jpg/iacYjljtoTChacAMZZL8NSMVU61nDvjFnQwjTFNkkJ84F9d3lvnCIdTe5RcP8xwhvOY8HrYhGs0VfwhmiaAJCvpg/0?wx_fmt=jpeg
2019-01-01 20:06:07,029 download image 庐山石韦植株高大，基部较宽，叶片多褶皱，叶片主脉粗壮，比较容易鉴别。 http://mmbiz.qpic.cn/mmbiz_jpg/iacYjljtoTChacAMZZL8NSMVU61nDvjFns5pwyALDHnqsIYjUibqtUWUo9zccLUAB6ny9aaZO9VFUicyFr9ykvL0w/0?wx_fmt=jpeg
2019-01-01 20:06:09,045 download image 石韦叶形细长，叶缘顶尖，叶微有波状 http://mmbiz.qpic.cn/mmbiz_jpg/iacYjljtoTChacAMZZL8NSMVU61nDvjFnYFdSvKFYFjQFh7VqZ7hjibkIickDyuALNZ914y3INCa8icWscln9wTSNg/0?wx_fmt=jpeg
2019-01-01 20:06:10,645 download image 《中国药典》的三种来源分别是庐山石韦、石韦、有柄石韦。 http://mmbiz.qpic.cn/mmbiz_jpg/iacYjljtoTChacAMZZL8NSMVU61nDvjFnvYYOTmyVCfOd29ulaSuM8ZJDpjRGT1IyDG2SmA2j12kcghXUhIKJ2Q/0?wx_fmt=jpeg
2019-01-01 20:06:11,411 now crawl http://mp.weixin.qq.com/s?__biz=MzIwMDk5MzMzMQ==&mid=2247483877&idx=1&sn=4f2f597cbc29bc895c57a08f491cd3ff#rd
2019-01-01 20:06:12,003 now analyse http://mp.weixin.qq.com/s?__biz=MzIwMDk5MzMzMQ==&mid=2247483877&idx=1&sn=4f2f597cbc29bc895c57a08f491cd3ff#rd
2019-01-01 20:06:13,834 save images 6
2019-01-01 20:06:13,990 download image 0 http://mmbiz.qpic.cn/mmbiz_jpg/iacYjljtoTCiavTzb2Nia5ibl2rpSg9beACibkB0LSJ0tn1R3Fh5qUOQQoxvLfLrAuv2TZY0Ziaia5vVkv0caib0Cm8gyA/0?wx_fmt=jpeg
2019-01-01 20:06:15,615 download image 太白米示鳞茎 http://mmbiz.qpic.cn/mmbiz_jpg/iacYjljtoTCiavTzb2Nia5ibl2rpSg9beACibEpEqCn6ljvH1tPcwGt9CufQ9TXWXCvyF8icEXZKEYIVhdMMbsibwnM2A/0?wx_fmt=jpeg
2019-01-01 20:06:17,569 download image 1 http://mmbiz.qpic.cn/mmbiz_jpg/iacYjljtoTCiavTzb2Nia5ibl2rpSg9beACibTJicMfibK50jCiaq4FMTnUrtRMgpOibw16M10pbsC3ibYFOl8kiajibUNib4bQ/0?wx_fmt=jpeg
2019-01-01 20:06:19,976 download image 太白米示鳞茎 http://mmbiz.qpic.cn/mmbiz_jpg/iacYjljtoTCiavTzb2Nia5ibl2rpSg9beACib4eRtDCwXEEL4x3FPRrEnv1Q4OPJLnRSyg15H4ib0z6bLPppjyxy1wbg/0?wx_fmt=jpeg
2019-01-01 20:06:21,194 download image 2 http://mmbiz.qpic.cn/mmbiz_jpg/iacYjljtoTCiavTzb2Nia5ibl2rpSg9beACib6LbpqPBYOzMQHgymnj12fTQUQ5tY2N70xGThfuVoJmQT0VjPuzbAXA/0?wx_fmt=jpeg
2019-01-01 20:06:22,321 download image ---------摘录《中华本草》 http://mmbiz.qpic.cn/mmbiz_jpg/iacYjljtoTCiavTzb2Nia5ibl2rpSg9beACibIzagxKSibPmBSgicfq5pYAm0osl8RwaTibowRv9iaR5qtSw8To9lKkm4gA/0?wx_fmt=jpeg
2019-01-01 20:06:24,085 now crawl http://mp.weixin.qq.com/s?__biz=MzIwMDk5MzMzMQ==&mid=2247483877&idx=2&sn=0cff2c175f6efdc9eb13675c0999f530#rd
2019-01-01 20:06:24,654 now analyse http://mp.weixin.qq.com/s?__biz=MzIwMDk5MzMzMQ==&mid=2247483877&idx=2&sn=0cff2c175f6efdc9eb13675c0999f530#rd
2019-01-01 20:06:26,631 save images 7
2019-01-01 20:06:26,759 download image 垫状卷柏—叶背面呈龙骨状排列 http://mmbiz.qpic.cn/mmbiz_jpg/iacYjljtoTChacAMZZL8NSMVU61nDvjFnGKHqnrnRc0bFgmcmdUWa87xnK3606vkJfDeUnaOpqAHwyp9AzzupoA/0?wx_fmt=jpeg
2019-01-01 20:06:28,167 download image 卷柏 http://mmbiz.qpic.cn/mmbiz_jpg/iacYjljtoTChacAMZZL8NSMVU61nDvjFnpuFDhNeJjJe0icUazEM09eKXF78S6z9Fu970rnNlae64gib4tfDHNkUg/0?wx_fmt=jpeg
2019-01-01 20:06:29,371 download image 垫状卷柏 http://mmbiz.qpic.cn/mmbiz_jpg/iacYjljtoTChacAMZZL8NSMVU61nDvjFnAK4ffjEicV2dwVhuLn6VMm9iaHIg7gjcfqOndF0z8n8rlRp35GagTicjg/0?wx_fmt=jpeg
2019-01-01 20:06:30,631 download image 0 http://mmbiz.qpic.cn/mmbiz_jpg/iacYjljtoTChacAMZZL8NSMVU61nDvjFn349ydDZqZGCMblM4P6cjvb9T890oEPEHQU0gCRN6Ojot8A6Nt6fKKA/0?wx_fmt=jpeg
2019-01-01 20:06:31,763 download image 和 http://mmbiz.qpic.cn/mmbiz_jpg/iacYjljtoTChacAMZZL8NSMVU61nDvjFnBWo5pxbslI7iacm7eFTbUicAaVBNfdWic0dGFW70DH8aCfAMxECcGz9aw/0?wx_fmt=jpeg
2019-01-01 20:06:32,937 download image 垫状卷柏近视图 http://mmbiz.qpic.cn/mmbiz_jpg/iacYjljtoTChacAMZZL8NSMVU61nDvjFnCaMM0BUs7XMIqaJjUibwrlNJdWzfMSic9X38AxqOUqDES9CB4yiaQo96Q/0?wx_fmt=jpeg
2019-01-01 20:06:34,073 download image 1 http://mmbiz.qpic.cn/mmbiz_jpg/iacYjljtoTChacAMZZL8NSMVU61nDvjFnkHAkKpL4e643KEFNB5icufnqpicIgic2aP7l7yYibhEiagaY1fibUWMV94Fw/0?wx_fmt=jpeg
2019-01-01 20:06:35,933 now crawl http://mp.weixin.qq.com/s?__biz=MzIwMDk5MzMzMQ==&mid=2247483876&idx=1&sn=53513bab6de65ac21cccb62c5529f552#rd
2019-01-01 20:06:37,226 now analyse http://mp.weixin.qq.com/s?__biz=MzIwMDk5MzMzMQ==&mid=2247483876&idx=1&sn=53513bab6de65ac21cccb62c5529f552#rd
2019-01-01 20:06:38,621 save images 3
2019-01-01 20:06:38,730 download image 0 http://mmbiz.qpic.cn/mmbiz_jpg/iacYjljtoTCgiaDtkkTOpGWGoyxq7ibC0XxRajWYnia8ZiaWx2ZALSdiaUibjCkoHCCpfriafsqdh9HQkNe0STnt9HPNmw/0?wx_fmt=jpeg
2019-01-01 20:06:40,204 download image 北京房山泗马沟拍摄的牛耳草 http://mmbiz.qpic.cn/mmbiz_jpg/iacYjljtoTCgiaDtkkTOpGWGoyxq7ibC0Xx5P4nsY5ahhzvDWdVMs75299tneotznFZ9m0CLoQsSWmKDE3ScBDftA/0?wx_fmt=jpeg
2019-01-01 20:06:41,190 download image 1 http://mmbiz.qpic.cn/mmbiz_jpg/iacYjljtoTCgiaDtkkTOpGWGoyxq7ibC0Xxp2Xrtjdw8HXbETnliabYwwkCDUa92bwUMqIGArMEH9VHSiacdVGseNPA/0?wx_fmt=jpeg
2019-01-01 20:06:42,424 now crawl http://mp.weixin.qq.com/s?__biz=MzIwMDk5MzMzMQ==&mid=2247483876&idx=2&sn=e6465ae32ede58214607279436881a88#rd
2019-01-01 20:06:43,002 now analyse http://mp.weixin.qq.com/s?__biz=MzIwMDk5MzMzMQ==&mid=2247483876&idx=2&sn=e6465ae32ede58214607279436881a88#rd
2019-01-01 20:07:02,588 save images 25
2019-01-01 20:07:02,749 download image 0 http://mmbiz.qpic.cn/mmbiz_jpg/iacYjljtoTCgA8qZpASdWCauQpMpQxiavlPkZ0efj2gzuK5Z5O0dYibZl7UdLmlV2alGJFMiaWle3Z5KWB3EyHhRew/0?wx_fmt=jpeg
