2019-01-01 20:14:43,832 now crawl http://mp.weixin.qq.com/s?__biz=MzIwMDk5MzMzMQ==&mid=2247483876&idx=2&sn=e6465ae32ede58214607279436881a88#rd
2019-01-01 20:14:45,924 now analyse http://mp.weixin.qq.com/s?__biz=MzIwMDk5MzMzMQ==&mid=2247483876&idx=2&sn=e6465ae32ede58214607279436881a88#rd
2019-01-01 20:15:04,568 save images 25
2019-01-01 20:15:04,661 download image 0 http://mmbiz.qpic.cn/mmbiz_jpg/iacYjljtoTCgA8qZpASdWCauQpMpQxiavlPkZ0efj2gzuK5Z5O0dYibZl7UdLmlV2alGJFMiaWle3Z5KWB3EyHhRew/0?wx_fmt=jpeg
2019-01-01 20:15:05,403 download image 京大戟植物（植株较高80-90cm之间。叶椭圆形，先端渐尖，全缘） http://mmbiz.qpic.cn/mmbiz_jpg/iacYjljtoTCgA8qZpASdWCauQpMpQxiavlyjuzUtU4Pt0iaVjAJw6EWBBuHh7ZpZPktqP2DYUov5JxjaJ1jcUaACw/0?wx_fmt=jpeg
2019-01-01 20:15:06,316 download image 狼毒大戟（叶互生，叶片长圆形，时有轮生感，茎基有红色短小呈鳞片） http://mmbiz.qpic.cn/mmbiz_jpg/iacYjljtoTCiajic9b7n0Xpl7bmSc6fwT1lTZaaulzy5J780xIZWxZSyZKEFbfzDBjUmicHKdOiaF86e8jfIVtfZQHA/0?wx_fmt=jpeg
2019-01-01 20:15:07,269 download image 京大戟 http://mmbiz.qpic.cn/mmbiz_jpg/iacYjljtoTCgiaDtkkTOpGWGoyxq7ibC0XxTYUap9pXnSG12TN9wOGmqEB4Azib065sgt6rUp5CZKODYkdUdIL0Gicg/0?wx_fmt=jpeg
2019-01-01 20:15:08,395 download image 1 http://mmbiz.qpic.cn/mmbiz_jpg/iacYjljtoTCgA8qZpASdWCauQpMpQxiavlah0ZhyVdBUkGfYRxicspw0hwHFWjALdpI1ocPWnfvwdu8wo6iaCc8rSg/0?wx_fmt=jpeg
2019-01-01 20:15:09,161 download image 现在分别看看它们的植物形态 http://mmbiz.qpic.cn/mmbiz_jpg/iacYjljtoTCgiaDtkkTOpGWGoyxq7ibC0Xxe2WB0lGIc25khRDGWcDQ9SKV8GYmLOO2icXpeeaIkZjhTbicyxs3mx9A/0?wx_fmt=jpeg
2019-01-01 20:15:11,332 download image 2 http://mmbiz.qpic.cn/mmbiz_jpg/iacYjljtoTCgiaDtkkTOpGWGoyxq7ibC0XxspSibPfODCPyMSJYuEeT5CEOQVwvw4hOJJuunkBCm1Pjbmk1X5RMNuQ/0?wx_fmt=jpeg
2019-01-01 20:15:13,443 download image 3 http://mmbiz.qpic.cn/mmbiz_jpg/iacYjljtoTCgiaDtkkTOpGWGoyxq7ibC0XxCWsOs9CjcEqpCHVrzbNyvicXxwGMfJ48QHucwd8mM3KJxduIicTztlWw/0?wx_fmt=jpeg
2019-01-01 20:15:15,295 download image 4 http://mmbiz.qpic.cn/mmbiz_jpg/iacYjljtoTCgA8qZpASdWCauQpMpQxiavlOXNw4qNdD2iaXOmcvibnL6ZwWFxnFaBgXhsiaPanQkjDjbgsc0iaQIwXtQ/0?wx_fmt=jpeg
2019-01-01 20:15:16,661 download image 下面看一下容易和狼毒混乱的是瑞香科的瑞香狼毒 http://mmbiz.qpic.cn/mmbiz_jpg/iacYjljtoTCgA8qZpASdWCauQpMpQxiavlj2kvKJ1VfkuFvpVFjqAdsuRTkCXKXS6x0NBmTyKDjPq9oFXcxARlTA/0?wx_fmt=jpeg
2019-01-01 20:15:17,661 download image 5 http://mmbiz.qpic.cn/mmbiz_jpg/iacYjljtoTCgA8qZpASdWCauQpMpQxiavlUNQcASicQUyI2ibJibZT1sblN5uItEouakGLzsUE34h9Dz6ZKkPs7RtHQ/0?wx_fmt=jpeg
2019-01-01 20:15:18,990 download image 京大戟的药典来源为大戟 http://mmbiz.qpic.cn/mmbiz_jpg/iacYjljtoTCgiaDtkkTOpGWGoyxq7ibC0XxrlDjq1mt3MGT3KOPe6EzjSWwFg4a3V4cdUueyk5wUlK94QjricicLiaqg/0?wx_fmt=jpeg
2019-01-01 20:15:20,022 download image 现在分别看看它们的植物形态 http://mmbiz.qpic.cn/mmbiz_jpg/iacYjljtoTCgA8qZpASdWCauQpMpQxiavl4TfpwicXVoobCaD0vV3zQXY1NzfVeq9SrunO94AymPBJ54Qb8QbpbaQ/0?wx_fmt=jpeg
2019-01-01 20:15:20,663 download image 6 http://mmbiz.qpic.cn/mmbiz_jpg/iacYjljtoTCgiaDtkkTOpGWGoyxq7ibC0XxF6wTuomk5pYrUftIYh9G9kS4K9BDuGC9iaV11v8rvsyRItswa8SHjxw/0?wx_fmt=jpeg
2019-01-01 20:15:22,130 download image 7 http://mmbiz.qpic.cn/mmbiz_jpg/iacYjljtoTCgA8qZpASdWCauQpMpQxiavlYk8ViaWBsoFQDDTibIh1hs4iaia6M5VEo4F8eHGRJDyP8CyMTF2KiaunuGQ/0?wx_fmt=jpeg
2019-01-01 20:15:24,019 download image 8 http://mmbiz.qpic.cn/mmbiz_jpg/iacYjljtoTCgA8qZpASdWCauQpMpQxiavlkwzSZsm8zFf4B1tMuv8hbOcXYJOoefcaSAHuCyG7r1XuFF44cNuWjQ/0?wx_fmt=jpeg
2019-01-01 20:15:25,130 download image 9 http://mmbiz.qpic.cn/mmbiz_jpg/iacYjljtoTCgA8qZpASdWCauQpMpQxiavlrnrz4JRHm1JKo09Mcyaln52uTfiaBUObEke39rgr26XMM4aY0bbA6ibA/0?wx_fmt=jpeg
2019-01-01 20:15:26,348 download image 10 http://mmbiz.qpic.cn/mmbiz_jpg/iacYjljtoTCgA8qZpASdWCauQpMpQxiavlDrc4znNnLdNqqJaafqk9hT8E8Q3znnXVQPCZGKf57RPicLxfUeE2IzQ/0?wx_fmt=jpeg
2019-01-01 20:15:27,051 download image 11 http://mmbiz.qpic.cn/mmbiz_jpg/iacYjljtoTCgA8qZpASdWCauQpMpQxiavlwFIkBUNYUNWLTmc8PopLYgwlyWFhWp3u8271EEkic2nOicsogw3YBHwg/0?wx_fmt=jpeg
2019-01-01 20:15:28,871 download image 12 http://mmbiz.qpic.cn/mmbiz_jpg/iacYjljtoTCgA8qZpASdWCauQpMpQxiavls1zziaxeqjpR4pllDR7YvlMP50wMCFE0pYMoW73VMUuk2xDkuTODykA/0?wx_fmt=jpeg
2019-01-01 20:15:29,871 download image 京大戟 http://mmbiz.qpic.cn/mmbiz_jpg/iacYjljtoTCgiaDtkkTOpGWGoyxq7ibC0XxD8Pic1P9WSA1iamXtDaw2yHAQP5R2HxSvsMia4x3Wmib7icq8ibJGPBgKL8A/0?wx_fmt=jpeg
2019-01-01 20:15:32,598 download image 13 http://mmbiz.qpic.cn/mmbiz_jpg/iacYjljtoTCgA8qZpASdWCauQpMpQxiavlwSd8YuovAa7icWwAWL9j2rIw3Q9acHod9TzIkHtwknnonhHhVZ1TXaQ/0?wx_fmt=jpeg
2019-01-01 20:15:33,161 download image 14 http://mmbiz.qpic.cn/mmbiz_jpg/iacYjljtoTCgA8qZpASdWCauQpMpQxiavlllqSc2fy4wq3xb4L4IqgOzmoYUicyHR1iajV0icg0P0dylKibpdiaicMXjhQ/0?wx_fmt=jpeg
2019-01-01 20:15:35,098 download image 15 http://mmbiz.qpic.cn/mmbiz_jpg/iacYjljtoTCgA8qZpASdWCauQpMpQxiavlsxJKzqYtsH7VHRBxIbibib1byWg6aXnJ0w01OJV08HhxOic3z0IQSmfcg/0?wx_fmt=jpeg
2019-01-01 20:15:37,334 download image 16 http://mmbiz.qpic.cn/mmbiz_jpg/iacYjljtoTCgiaDtkkTOpGWGoyxq7ibC0XxaPcKqATtgJB010uiceV21gsMdfCqxGuKezZqKGiaxpxzMBlJlnJzAf1g/0?wx_fmt=jpeg
2019-01-01 20:15:39,779 now crawl http://mp.weixin.qq.com/s?__biz=MzIwMDk5MzMzMQ==&mid=2247483874&idx=1&sn=5475c3a3208150c853335855cdfff6d6#rd
2019-01-01 20:15:40,483 now analyse http://mp.weixin.qq.com/s?__biz=MzIwMDk5MzMzMQ==&mid=2247483874&idx=1&sn=5475c3a3208150c853335855cdfff6d6#rd
2019-01-01 20:15:44,996 save images 9
2019-01-01 20:15:45,121 download image 0 http://mmbiz.qpic.cn/mmbiz_jpg/iacYjljtoTCgVZhpyVgyMmE8VOJo2uQNYmHyI8weyHQc1WWX95uNxniaksd0c0iajSPZI6wlKgeWwYFmDqLr3vpKA/0?wx_fmt=jpeg
2019-01-01 20:15:46,848 download image 佛手参的来源分别是手参和粗脉手参两种来源。 http://mmbiz.qpic.cn/mmbiz_jpg/iacYjljtoTCgVZhpyVgyMmE8VOJo2uQNY37TmYxTjT2zWvnkmCXibTib1u8We4iak3w1nDwXyr4H1pzibYtmUPfzibLQ/0?wx_fmt=jpeg
2019-01-01 20:15:47,730 download image 1 http://mmbiz.qpic.cn/mmbiz_jpg/iacYjljtoTCgVZhpyVgyMmE8VOJo2uQNYiaakOCuNGUXwHpYwaXEc9iaq34Y0ZoBGEQRY9B09ibybibg0eF7VTpdrUw/0?wx_fmt=jpeg
2019-01-01 20:15:49,153 download image 手参（房山白草畔拍摄） http://mmbiz.qpic.cn/mmbiz_jpg/iacYjljtoTCgVZhpyVgyMmE8VOJo2uQNYTibSWZSwjohcibCK6AKwibg9UcJs9SleKplaPt3cicHq5AE8ZiaaJkibMMicg/0?wx_fmt=jpeg
2019-01-01 20:15:50,230 download image 手参的生境 http://mmbiz.qpic.cn/mmbiz_jpg/iacYjljtoTCgVZhpyVgyMmE8VOJo2uQNYx8tM6jDw8lGRibpaSanoAVbpibicJSzwzY1rbr2lEJG8dHJkcUsttcpoQ/0?wx_fmt=jpeg
2019-01-01 20:15:51,660 download image 手参的花序较稀疏 http://mmbiz.qpic.cn/mmbiz_jpg/iacYjljtoTCgVZhpyVgyMmE8VOJo2uQNY5fxxjYnvqT11C35BicXVthsqDmXUoEx0x0ad4HicjgmPW5WUS99UtSlg/0?wx_fmt=jpeg
2019-01-01 20:15:53,026 download image 手参原植物 http://mmbiz.qpic.cn/mmbiz_jpg/iacYjljtoTCgVZhpyVgyMmE8VOJo2uQNYC97BHC1RLXRWcuKyNPxOxtY6ABNwqlE0Nwb7WIZjAtSgHZUrdbOWBQ/0?wx_fmt=jpeg
2019-01-01 20:15:54,058 download image 手参（房山白草畔拍摄） http://mmbiz.qpic.cn/mmbiz_jpg/iacYjljtoTCgVZhpyVgyMmE8VOJo2uQNYDibibWzrMXNHB7qyVGFjT9qReiaragRN6vibhgw7pd3SVsv3NSFkpgictGA/0?wx_fmt=jpeg
2019-01-01 20:15:55,198 download image 佛手参的来源分别是手参和粗脉手参两种来源。 http://mmbiz.qpic.cn/mmbiz_jpg/iacYjljtoTCgVZhpyVgyMmE8VOJo2uQNYBe0FJNaZDbnoPiclXjJsFfuJZRq3xh8lsf4fialsicFmNhGzibX0mr4qkA/0?wx_fmt=jpeg
2019-01-01 20:15:56,566 now crawl http://mp.weixin.qq.com/s?__biz=MzIwMDk5MzMzMQ==&mid=2247483874&idx=2&sn=30c5c23df83005cef9e21f44ee596542#rd
2019-01-01 20:15:57,390 now analyse http://mp.weixin.qq.com/s?__biz=MzIwMDk5MzMzMQ==&mid=2247483874&idx=2&sn=30c5c23df83005cef9e21f44ee596542#rd
2019-01-01 20:15:59,779 save images 7
2019-01-01 20:15:59,934 download image 垂序商陆（美洲商陆） http://mmbiz.qpic.cn/mmbiz_jpg/iacYjljtoTCiaFpD5X6OFibEY8xWicNCzBWkAERtFhrABA3Vpba1EFiaNJ6apnuIZ6sdLPAKyfCRmhUeib3lQpnWDDaQ/0?wx_fmt=jpeg
2019-01-01 20:16:01,334 download image 垂序商陆（美洲商陆） http://mmbiz.qpic.cn/mmbiz_jpg/iacYjljtoTCiaFpD5X6OFibEY8xWicNCzBWkGkIz3iczRophCTxMvGvkYhkDOPaFvgoOgMHFjPRHngz2KrGwoxsLAzg/0?wx_fmt=jpeg
2019-01-01 20:16:03,217 download image 商陆花序直立 ，果粒密集 http://mmbiz.qpic.cn/mmbiz_jpg/iacYjljtoTCiaFpD5X6OFibEY8xWicNCzBWkSGZjEV2Xos3kLN3sbA1TVD1MOmS3icnSyHjX5dan84j5Qa8NFBWMpNA/0?wx_fmt=jpeg
2019-01-01 20:16:04,776 download image 0 http://mmbiz.qpic.cn/mmbiz_jpg/iacYjljtoTCiaFpD5X6OFibEY8xWicNCzBWkjXRIWLQNvjWxtAR0TWlI12iabvKJzK0Hh1yQq4Yobb2GqvF4oyeSKGA/0?wx_fmt=jpeg
2019-01-01 20:16:05,694 download image 1 http://mmbiz.qpic.cn/mmbiz_jpg/iacYjljtoTCiaFpD5X6OFibEY8xWicNCzBWk8NvXU73JcpHwK5Gk1xTP86T44VVY3V0ib6P6mFlliamicGqU5VR0C47VQ/0?wx_fmt=jpeg
2019-01-01 20:16:06,365 download image 商陆（陕西秦岭拍摄） http://mmbiz.qpic.cn/mmbiz_jpg/iacYjljtoTCiaFpD5X6OFibEY8xWicNCzBWkPNxYsUEGAV5c9dWK2jo6cqPTiavuA9SCITE7AuTE9s8WjtzIwS2SAxw/0?wx_fmt=jpeg
2019-01-01 20:16:07,177 download image 垂序商陆花序下垂 http://mmbiz.qpic.cn/mmbiz_jpg/iacYjljtoTCiaFpD5X6OFibEY8xWicNCzBWkSgfpwogzeBUX8KK9DHAbMJFibnpukhj5TiaVTXYqlG3OUCiclAicWSctew/0?wx_fmt=jpeg
2019-01-01 20:16:08,269 now crawl http://mp.weixin.qq.com/s?__biz=MzIwMDk5MzMzMQ==&mid=2247483852&idx=1&sn=e4950945c21e3179081e9856209fd720#rd
2019-01-01 20:16:08,821 now analyse http://mp.weixin.qq.com/s?__biz=MzIwMDk5MzMzMQ==&mid=2247483852&idx=1&sn=e4950945c21e3179081e9856209fd720#rd
2019-01-01 20:16:10,252 save images 5
2019-01-01 20:16:10,424 download image 小丛红景天 http://mmbiz.qpic.cn/mmbiz_jpg/iacYjljtoTCiaFpD5X6OFibEY8xWicNCzBWkGFX61svhKJ8hKAialD8OmamjksqAZUOSXvpUWKhp1fmT85WR57XEfKw/0?wx_fmt=jpeg
2019-01-01 20:16:12,584 download image 小丛红景天 http://mmbiz.qpic.cn/mmbiz_jpg/iacYjljtoTCiaFpD5X6OFibEY8xWicNCzBWkAAy1sz2AP4qPco8AvteCfZEnkIvicWBcYn1Fqcdt0zossic7mmHicdAQA/0?wx_fmt=jpeg
2019-01-01 20:16:13,607 download image 小丛红景天 http://mmbiz.qpic.cn/mmbiz_jpg/iacYjljtoTCiaFpD5X6OFibEY8xWicNCzBWkPd25BHvB8CWKSZIUkPYibiaibFNgicSzQoTHhgicbqymeYnnMYJ9rhz24YQ/0?wx_fmt=jpeg
2019-01-01 20:16:15,059 download image 小丛红景天近视图 http://mmbiz.qpic.cn/mmbiz_jpg/iacYjljtoTCiaFpD5X6OFibEY8xWicNCzBWkk2mulyvzKibL2NUysxyIsMGzFSbfsQsFeV8DGcdfZuKVfrwXkYlyZeA/0?wx_fmt=jpeg
2019-01-01 20:16:16,332 download image 小丛红景天 http://mmbiz.qpic.cn/mmbiz_jpg/iacYjljtoTCiaFpD5X6OFibEY8xWicNCzBWkiaqdEBNWx2I3ErauXLVpcQIY3qbHxBh2GCQeCknplO6qDiaeq77D1OAQ/0?wx_fmt=jpeg
2019-01-01 20:16:17,997 now crawl http://mp.weixin.qq.com/s?__biz=MzIwMDk5MzMzMQ==&mid=2247483852&idx=2&sn=2678c3b4a5a0487c7b4bef70712fbf70#rd
2019-01-01 20:16:18,604 now analyse http://mp.weixin.qq.com/s?__biz=MzIwMDk5MzMzMQ==&mid=2247483852&idx=2&sn=2678c3b4a5a0487c7b4bef70712fbf70#rd
2019-01-01 20:16:26,526 save images 20
2019-01-01 20:16:26,635 download image 0 http://mmbiz.qpic.cn/mmbiz_jpg/iacYjljtoTCiaFpD5X6OFibEY8xWicNCzBWkYibzJPU8sEaevf9YVa5xBApDaibrT4UibEywibw5iajo0azUy9iavnd1ticRg/0?wx_fmt=jpeg
2019-01-01 20:16:28,030 download image 你见到可能是窃衣 http://mmbiz.qpic.cn/mmbiz_jpg/iacYjljtoTCiaFpD5X6OFibEY8xWicNCzBWk7Jrzib86KxtmrfX3PqTDI81t2pkYm3e9z6o1HGCwic4I64jn6GkaLbSg/0?wx_fmt=jpeg
2019-01-01 20:16:28,703 download image 小窃衣—果荚（果荚聚集，无苞片） http://mmbiz.qpic.cn/mmbiz_jpg/iacYjljtoTCiaFpD5X6OFibEY8xWicNCzBWktAoun1IDYCUicFSMTLlJAYuAAuibiaKdClECzetaNEeykrbW2JKiacuuuw/0?wx_fmt=jpeg
2019-01-01 20:16:29,601 download image 迷果芹—示叶（叶片顶端长尖，叶卵状披针形） http://mmbiz.qpic.cn/mmbiz_jpg/iacYjljtoTCgiaDtkkTOpGWGoyxq7ibC0Xxz43DicMK73FAqPmSibG7m0v8uCqO9PpzuPWdiaxicCiab7saM4JnrIf1t5w/0?wx_fmt=jpeg
2019-01-01 20:16:30,529 download image 蛇床（左）野胡萝卜（右）叶片对比 http://mmbiz.qpic.cn/mmbiz_jpg/iacYjljtoTCgiaDtkkTOpGWGoyxq7ibC0Xxichs4ZmuicGlpxcJ7WJjribyWntgy9qGE2CU5q1FfoNUJJnflmcsGw7JQ/0?wx_fmt=jpeg
2019-01-01 20:16:31,233 download image 野胡萝卜—示叶（叶片二三回羽状全裂，顶端尖锐有小尖头） http://mmbiz.qpic.cn/mmbiz_jpg/iacYjljtoTCiaFpD5X6OFibEY8xWicNCzBWkpp3UKGvaUxRVyZFZ0LfEfx0NLbWeCicCYHIicnnb9LPC0AdtoWFhuV0g/0?wx_fmt=jpeg
2019-01-01 20:16:33,951 download image 蛇床—总苞片（很少，线状不羽裂） http://mmbiz.qpic.cn/mmbiz_jpg/iacYjljtoTCgiaDtkkTOpGWGoyxq7ibC0Xxo6dg2SlWt6icqssFC0kwibibK9yLYOsZP5n7tqSaaiarkAk08Gjk6RRF4A/0?wx_fmt=jpeg
2019-01-01 20:16:35,546 download image 蛇床—叶片（叶片2-3回羽状分裂，叶片线性，全缘无缺裂） http://mmbiz.qpic.cn/mmbiz_jpg/iacYjljtoTCgiaDtkkTOpGWGoyxq7ibC0XxAtTy38pM0ekRPrVsjqPHYMoIsHLZtKHWfM0FGZmicJfviaLfEzK5Kx4A/0?wx_fmt=jpeg
2019-01-01 20:16:36,880 download image 蛇床原植物 http://mmbiz.qpic.cn/mmbiz_jpg/iacYjljtoTCgiaDtkkTOpGWGoyxq7ibC0Xxl564uQwiaXNiaUWaAx7PckCGEhxUOgmW3gevrPMRRMteqvGkLk0N4joQ/0?wx_fmt=jpeg
2019-01-01 20:16:37,920 download image 1 http://mmbiz.qpic.cn/mmbiz_jpg/iacYjljtoTCiaFpD5X6OFibEY8xWicNCzBWkAMBKNLdRKfiap7VbXHbs4lzyvabNFnrlzynaR720olFtSUeKelEuVUQ/0?wx_fmt=jpeg
2019-01-01 20:16:38,825 download image 迷果芹—示叶（叶片顶端长尖，叶卵状披针形） http://mmbiz.qpic.cn/mmbiz_jpg/iacYjljtoTCiaFpD5X6OFibEY8xWicNCzBWku4ztprLd5uXia5KKF2hjmJd710j0TAb18ibymNccnIYSIKMuWSOQyOqA/0?wx_fmt=jpeg
2019-01-01 20:16:39,598 download image 2 http://mmbiz.qpic.cn/mmbiz_jpg/iacYjljtoTCgiaDtkkTOpGWGoyxq7ibC0XxBYrtANVXTG7icOtnG7eohGa9E8ACoWsEbwl4QcAHUso7ib7MuNRHlacg/0?wx_fmt=jpeg
2019-01-01 20:16:40,153 download image 野胡萝卜 http://mmbiz.qpic.cn/mmbiz_jpg/iacYjljtoTCiaFpD5X6OFibEY8xWicNCzBWkYuMy0ehxfwBX8gLb2Vo2TMviaEkgmEzE1lgcibJd8Ua9l9gnGhDRgAkg/0?wx_fmt=jpeg
2019-01-01 20:16:41,631 download image 蛇床—总苞片（很少，线状不羽裂） http://mmbiz.qpic.cn/mmbiz_jpg/iacYjljtoTCgiaDtkkTOpGWGoyxq7ibC0XxM4oVRuicjdnIUERuZ01JTfz7R2jIe83iaNib1vic9Q9m56jQuJez6mNfvA/0?wx_fmt=jpeg
2019-01-01 20:16:42,826 download image 你见到的可能是野胡萝卜（药材中的南鹤虱） http://mmbiz.qpic.cn/mmbiz_jpg/iacYjljtoTCiaFpD5X6OFibEY8xWicNCzBWkwBMLElOb5LeYlkjKqZfuSwwIWH1X0rqrMUibtlDgEd9IDhO54CPibic9g/0?wx_fmt=jpeg
2019-01-01 20:16:44,874 download image 药典里的蛇床子来源 http://mmbiz.qpic.cn/mmbiz_jpg/iacYjljtoTCiaFpD5X6OFibEY8xWicNCzBWkebzDGnl2GrtelIxB7n6IC6FlhS6R6TyjP70H2JL3u8uoeZ62f9nUmg/0?wx_fmt=jpeg
2019-01-01 20:16:46,000 download image 也会有可能是迷果芹（曾经做北沙参的一种掺伪品） http://mmbiz.qpic.cn/mmbiz_jpg/iacYjljtoTCiaFpD5X6OFibEY8xWicNCzBWkEz4A6RibUdUicdWiaMDp102ku4KGoc85SOfXG4Ud3C7iaFEHyY8qCymHibw/0?wx_fmt=jpeg
2019-01-01 20:16:46,832 download image 窃衣原植物 http://mmbiz.qpic.cn/mmbiz_jpg/iacYjljtoTCgiaDtkkTOpGWGoyxq7ibC0XxRh2wFpq3duArgdiccvNf3WO5eibEycSQmJO1HS81G45IsjCYppGIiaKVg/0?wx_fmt=jpeg
2019-01-01 20:16:48,288 download image 3 http://mmbiz.qpic.cn/mmbiz_jpg/iacYjljtoTCiaFpD5X6OFibEY8xWicNCzBWkIqA8IOmSefpC1Neawxwic1RRpbDTFT5MSyDQ4161xvXk8UMNTWyh1zA/0?wx_fmt=jpeg
2019-01-01 20:16:49,186 download image 4 http://mmbiz.qpic.cn/mmbiz_jpg/iacYjljtoTCiaFpD5X6OFibEY8xWicNCzBWkYxvp5XPQPglBYMtQibqKZMHibfE1IljmT9rnmutsApBszrnficl838zLA/0?wx_fmt=jpeg
2019-01-01 20:16:50,295 now crawl http://mp.weixin.qq.com/s?__biz=MzIwMDk5MzMzMQ==&mid=2247483834&idx=1&sn=22595a1695c59c8841d779e90088ae47#rd
2019-01-01 20:16:50,948 now analyse http://mp.weixin.qq.com/s?__biz=MzIwMDk5MzMzMQ==&mid=2247483834&idx=1&sn=22595a1695c59c8841d779e90088ae47#rd
2019-01-01 20:16:52,325 save images 5
2019-01-01 20:16:52,418 download image 小丛红景天 http://mmbiz.qpic.cn/mmbiz_jpg/iacYjljtoTCiaFpD5X6OFibEY8xWicNCzBWkGFX61svhKJ8hKAialD8OmamjksqAZUOSXvpUWKhp1fmT85WR57XEfKw/0?wx_fmt=jpeg
2019-01-01 20:16:53,598 download image 小丛红景天 http://mmbiz.qpic.cn/mmbiz_jpg/iacYjljtoTCiaFpD5X6OFibEY8xWicNCzBWkAAy1sz2AP4qPco8AvteCfZEnkIvicWBcYn1Fqcdt0zossic7mmHicdAQA/0?wx_fmt=jpeg
2019-01-01 20:16:54,785 download image 小丛红景天 http://mmbiz.qpic.cn/mmbiz_jpg/iacYjljtoTCiaFpD5X6OFibEY8xWicNCzBWkPd25BHvB8CWKSZIUkPYibiaibFNgicSzQoTHhgicbqymeYnnMYJ9rhz24YQ/0?wx_fmt=jpeg
2019-01-01 20:16:55,691 download image 小丛红景天近视图 http://mmbiz.qpic.cn/mmbiz_jpg/iacYjljtoTCiaFpD5X6OFibEY8xWicNCzBWkk2mulyvzKibL2NUysxyIsMGzFSbfsQsFeV8DGcdfZuKVfrwXkYlyZeA/0?wx_fmt=jpeg
2019-01-01 20:16:56,285 download image 小丛红景天 http://mmbiz.qpic.cn/mmbiz_jpg/iacYjljtoTCiaFpD5X6OFibEY8xWicNCzBWkiaqdEBNWx2I3ErauXLVpcQIY3qbHxBh2GCQeCknplO6qDiaeq77D1OAQ/0?wx_fmt=jpeg
2019-01-01 20:16:57,551 now crawl http://mp.weixin.qq.com/s?__biz=MzIwMDk5MzMzMQ==&mid=2247483834&idx=2&sn=f5a1313881594071b93985de271f8532#rd
2019-01-01 20:16:58,073 now analyse http://mp.weixin.qq.com/s?__biz=MzIwMDk5MzMzMQ==&mid=2247483834&idx=2&sn=f5a1313881594071b93985de271f8532#rd
2019-01-01 20:17:06,289 save images 20
2019-01-01 20:17:06,414 download image 0 http://mmbiz.qpic.cn/mmbiz_jpg/iacYjljtoTCiaFpD5X6OFibEY8xWicNCzBWkYibzJPU8sEaevf9YVa5xBApDaibrT4UibEywibw5iajo0azUy9iavnd1ticRg/0?wx_fmt=jpeg
2019-01-01 20:17:07,825 download image 你见到可能是窃衣 http://mmbiz.qpic.cn/mmbiz_jpg/iacYjljtoTCiaFpD5X6OFibEY8xWicNCzBWk7Jrzib86KxtmrfX3PqTDI81t2pkYm3e9z6o1HGCwic4I64jn6GkaLbSg/0?wx_fmt=jpeg
2019-01-01 20:17:08,973 download image 小窃衣—果荚（果荚聚集，无苞片） http://mmbiz.qpic.cn/mmbiz_jpg/iacYjljtoTCiaFpD5X6OFibEY8xWicNCzBWktAoun1IDYCUicFSMTLlJAYuAAuibiaKdClECzetaNEeykrbW2JKiacuuuw/0?wx_fmt=jpeg
2019-01-01 20:17:09,887 download image 迷果芹—示叶（叶片顶端长尖，叶卵状披针形） http://mmbiz.qpic.cn/mmbiz_jpg/iacYjljtoTCgiaDtkkTOpGWGoyxq7ibC0Xxz43DicMK73FAqPmSibG7m0v8uCqO9PpzuPWdiaxicCiab7saM4JnrIf1t5w/0?wx_fmt=jpeg
2019-01-01 20:17:10,822 download image 蛇床（左）野胡萝卜（右）叶片对比 http://mmbiz.qpic.cn/mmbiz_jpg/iacYjljtoTCgiaDtkkTOpGWGoyxq7ibC0Xxichs4ZmuicGlpxcJ7WJjribyWntgy9qGE2CU5q1FfoNUJJnflmcsGw7JQ/0?wx_fmt=jpeg
2019-01-01 20:17:12,269 download image 野胡萝卜—示叶（叶片二三回羽状全裂，顶端尖锐有小尖头） http://mmbiz.qpic.cn/mmbiz_jpg/iacYjljtoTCiaFpD5X6OFibEY8xWicNCzBWkpp3UKGvaUxRVyZFZ0LfEfx0NLbWeCicCYHIicnnb9LPC0AdtoWFhuV0g/0?wx_fmt=jpeg
2019-01-01 20:17:13,394 download image 蛇床—总苞片（很少，线状不羽裂） http://mmbiz.qpic.cn/mmbiz_jpg/iacYjljtoTCgiaDtkkTOpGWGoyxq7ibC0Xxo6dg2SlWt6icqssFC0kwibibK9yLYOsZP5n7tqSaaiarkAk08Gjk6RRF4A/0?wx_fmt=jpeg
2019-01-01 20:17:15,036 download image 蛇床—叶片（叶片2-3回羽状分裂，叶片线性，全缘无缺裂） http://mmbiz.qpic.cn/mmbiz_jpg/iacYjljtoTCgiaDtkkTOpGWGoyxq7ibC0XxAtTy38pM0ekRPrVsjqPHYMoIsHLZtKHWfM0FGZmicJfviaLfEzK5Kx4A/0?wx_fmt=jpeg
2019-01-01 20:17:16,036 download image 蛇床原植物 http://mmbiz.qpic.cn/mmbiz_jpg/iacYjljtoTCgiaDtkkTOpGWGoyxq7ibC0Xxl564uQwiaXNiaUWaAx7PckCGEhxUOgmW3gevrPMRRMteqvGkLk0N4joQ/0?wx_fmt=jpeg
2019-01-01 20:17:16,848 download image 1 http://mmbiz.qpic.cn/mmbiz_jpg/iacYjljtoTCiaFpD5X6OFibEY8xWicNCzBWkAMBKNLdRKfiap7VbXHbs4lzyvabNFnrlzynaR720olFtSUeKelEuVUQ/0?wx_fmt=jpeg
2019-01-01 20:17:17,253 download image 迷果芹—示叶（叶片顶端长尖，叶卵状披针形） http://mmbiz.qpic.cn/mmbiz_jpg/iacYjljtoTCiaFpD5X6OFibEY8xWicNCzBWku4ztprLd5uXia5KKF2hjmJd710j0TAb18ibymNccnIYSIKMuWSOQyOqA/0?wx_fmt=jpeg
2019-01-01 20:17:18,194 download image 2 http://mmbiz.qpic.cn/mmbiz_jpg/iacYjljtoTCgiaDtkkTOpGWGoyxq7ibC0XxBYrtANVXTG7icOtnG7eohGa9E8ACoWsEbwl4QcAHUso7ib7MuNRHlacg/0?wx_fmt=jpeg
2019-01-01 20:17:19,474 download image 野胡萝卜 http://mmbiz.qpic.cn/mmbiz_jpg/iacYjljtoTCiaFpD5X6OFibEY8xWicNCzBWkYuMy0ehxfwBX8gLb2Vo2TMviaEkgmEzE1lgcibJd8Ua9l9gnGhDRgAkg/0?wx_fmt=jpeg
2019-01-01 20:17:20,776 download image 蛇床—总苞片（很少，线状不羽裂） http://mmbiz.qpic.cn/mmbiz_jpg/iacYjljtoTCgiaDtkkTOpGWGoyxq7ibC0XxM4oVRuicjdnIUERuZ01JTfz7R2jIe83iaNib1vic9Q9m56jQuJez6mNfvA/0?wx_fmt=jpeg
2019-01-01 20:17:22,022 download image 你见到的可能是野胡萝卜（药材中的南鹤虱） http://mmbiz.qpic.cn/mmbiz_jpg/iacYjljtoTCiaFpD5X6OFibEY8xWicNCzBWkwBMLElOb5LeYlkjKqZfuSwwIWH1X0rqrMUibtlDgEd9IDhO54CPibic9g/0?wx_fmt=jpeg
2019-01-01 20:17:23,744 download image 药典里的蛇床子来源 http://mmbiz.qpic.cn/mmbiz_jpg/iacYjljtoTCiaFpD5X6OFibEY8xWicNCzBWkebzDGnl2GrtelIxB7n6IC6FlhS6R6TyjP70H2JL3u8uoeZ62f9nUmg/0?wx_fmt=jpeg
2019-01-01 20:17:25,177 download image 也会有可能是迷果芹（曾经做北沙参的一种掺伪品） http://mmbiz.qpic.cn/mmbiz_jpg/iacYjljtoTCiaFpD5X6OFibEY8xWicNCzBWkEz4A6RibUdUicdWiaMDp102ku4KGoc85SOfXG4Ud3C7iaFEHyY8qCymHibw/0?wx_fmt=jpeg
2019-01-01 20:17:26,052 download image 窃衣原植物 http://mmbiz.qpic.cn/mmbiz_jpg/iacYjljtoTCgiaDtkkTOpGWGoyxq7ibC0XxRh2wFpq3duArgdiccvNf3WO5eibEycSQmJO1HS81G45IsjCYppGIiaKVg/0?wx_fmt=jpeg
2019-01-01 20:17:27,224 download image 3 http://mmbiz.qpic.cn/mmbiz_jpg/iacYjljtoTCiaFpD5X6OFibEY8xWicNCzBWkIqA8IOmSefpC1Neawxwic1RRpbDTFT5MSyDQ4161xvXk8UMNTWyh1zA/0?wx_fmt=jpeg
2019-01-01 20:17:27,934 download image 4 http://mmbiz.qpic.cn/mmbiz_jpg/iacYjljtoTCiaFpD5X6OFibEY8xWicNCzBWkYxvp5XPQPglBYMtQibqKZMHibfE1IljmT9rnmutsApBszrnficl838zLA/0?wx_fmt=jpeg
2019-01-01 20:17:28,726 now crawl http://mp.weixin.qq.com/s?__biz=MzIwMDk5MzMzMQ==&mid=2247483833&idx=1&sn=7aa7422b3b06633028637e8d239fe362#rd
2019-01-01 20:17:29,334 now analyse http://mp.weixin.qq.com/s?__biz=MzIwMDk5MzMzMQ==&mid=2247483833&idx=1&sn=7aa7422b3b06633028637e8d239fe362#rd
2019-01-01 20:17:30,644 save images 5
2019-01-01 20:17:30,762 download image 小丛红景天 http://mmbiz.qpic.cn/mmbiz_jpg/iacYjljtoTCiaFpD5X6OFibEY8xWicNCzBWkGFX61svhKJ8hKAialD8OmamjksqAZUOSXvpUWKhp1fmT85WR57XEfKw/0?wx_fmt=jpeg
2019-01-01 20:17:32,905 download image 小丛红景天 http://mmbiz.qpic.cn/mmbiz_jpg/iacYjljtoTCiaFpD5X6OFibEY8xWicNCzBWkAAy1sz2AP4qPco8AvteCfZEnkIvicWBcYn1Fqcdt0zossic7mmHicdAQA/0?wx_fmt=jpeg
2019-01-01 20:17:34,364 download image 小丛红景天 http://mmbiz.qpic.cn/mmbiz_jpg/iacYjljtoTCiaFpD5X6OFibEY8xWicNCzBWkPd25BHvB8CWKSZIUkPYibiaibFNgicSzQoTHhgicbqymeYnnMYJ9rhz24YQ/0?wx_fmt=jpeg
2019-01-01 20:17:35,042 download image 小丛红景天近视图 http://mmbiz.qpic.cn/mmbiz_jpg/iacYjljtoTCiaFpD5X6OFibEY8xWicNCzBWkk2mulyvzKibL2NUysxyIsMGzFSbfsQsFeV8DGcdfZuKVfrwXkYlyZeA/0?wx_fmt=jpeg
2019-01-01 20:17:35,934 download image 小丛红景天 http://mmbiz.qpic.cn/mmbiz_jpg/iacYjljtoTCiaFpD5X6OFibEY8xWicNCzBWkiaqdEBNWx2I3ErauXLVpcQIY3qbHxBh2GCQeCknplO6qDiaeq77D1OAQ/0?wx_fmt=jpeg
2019-01-01 20:17:37,068 now crawl http://mp.weixin.qq.com/s?__biz=MzIwMDk5MzMzMQ==&mid=2247483833&idx=2&sn=d6a80b0197c54f2a0179e3723c07e249#rd
2019-01-01 20:17:37,575 now analyse http://mp.weixin.qq.com/s?__biz=MzIwMDk5MzMzMQ==&mid=2247483833&idx=2&sn=d6a80b0197c54f2a0179e3723c07e249#rd
2019-01-01 20:17:45,642 save images 20
2019-01-01 20:17:45,753 download image 0 http://mmbiz.qpic.cn/mmbiz_jpg/iacYjljtoTCiaFpD5X6OFibEY8xWicNCzBWkYibzJPU8sEaevf9YVa5xBApDaibrT4UibEywibw5iajo0azUy9iavnd1ticRg/0?wx_fmt=jpeg
2019-01-01 20:17:46,753 download image 你见到可能是窃衣 http://mmbiz.qpic.cn/mmbiz_jpg/iacYjljtoTCiaFpD5X6OFibEY8xWicNCzBWk7Jrzib86KxtmrfX3PqTDI81t2pkYm3e9z6o1HGCwic4I64jn6GkaLbSg/0?wx_fmt=jpeg
2019-01-01 20:17:47,381 download image 小窃衣—果荚（果荚聚集，无苞片） http://mmbiz.qpic.cn/mmbiz_jpg/iacYjljtoTCiaFpD5X6OFibEY8xWicNCzBWktAoun1IDYCUicFSMTLlJAYuAAuibiaKdClECzetaNEeykrbW2JKiacuuuw/0?wx_fmt=jpeg
2019-01-01 20:17:48,437 download image 迷果芹—示叶（叶片顶端长尖，叶卵状披针形） http://mmbiz.qpic.cn/mmbiz_jpg/iacYjljtoTCgiaDtkkTOpGWGoyxq7ibC0Xxz43DicMK73FAqPmSibG7m0v8uCqO9PpzuPWdiaxicCiab7saM4JnrIf1t5w/0?wx_fmt=jpeg
2019-01-01 20:17:50,503 download image 蛇床（左）野胡萝卜（右）叶片对比 http://mmbiz.qpic.cn/mmbiz_jpg/iacYjljtoTCgiaDtkkTOpGWGoyxq7ibC0Xxichs4ZmuicGlpxcJ7WJjribyWntgy9qGE2CU5q1FfoNUJJnflmcsGw7JQ/0?wx_fmt=jpeg
2019-01-01 20:19:30,568 socket timeout. http://mmbiz.qpic.cn/mmbiz_jpg/iacYjljtoTCgiaDtkkTOpGWGoyxq7ibC0Xxichs4ZmuicGlpxcJ7WJjribyWntgy9qGE2CU5q1FfoNUJJnflmcsGw7JQ/0?wx_fmt=jpeg
2019-01-01 20:19:31,661 download image 野胡萝卜—示叶（叶片二三回羽状全裂，顶端尖锐有小尖头） http://mmbiz.qpic.cn/mmbiz_jpg/iacYjljtoTCiaFpD5X6OFibEY8xWicNCzBWkpp3UKGvaUxRVyZFZ0LfEfx0NLbWeCicCYHIicnnb9LPC0AdtoWFhuV0g/0?wx_fmt=jpeg
2019-01-01 20:19:33,778 download image 蛇床—总苞片（很少，线状不羽裂） http://mmbiz.qpic.cn/mmbiz_jpg/iacYjljtoTCgiaDtkkTOpGWGoyxq7ibC0Xxo6dg2SlWt6icqssFC0kwibibK9yLYOsZP5n7tqSaaiarkAk08Gjk6RRF4A/0?wx_fmt=jpeg
2019-01-01 20:19:35,075 download image 蛇床—叶片（叶片2-3回羽状分裂，叶片线性，全缘无缺裂） http://mmbiz.qpic.cn/mmbiz_jpg/iacYjljtoTCgiaDtkkTOpGWGoyxq7ibC0XxAtTy38pM0ekRPrVsjqPHYMoIsHLZtKHWfM0FGZmicJfviaLfEzK5Kx4A/0?wx_fmt=jpeg
2019-01-01 20:19:36,029 download image 蛇床原植物 http://mmbiz.qpic.cn/mmbiz_jpg/iacYjljtoTCgiaDtkkTOpGWGoyxq7ibC0Xxl564uQwiaXNiaUWaAx7PckCGEhxUOgmW3gevrPMRRMteqvGkLk0N4joQ/0?wx_fmt=jpeg
2019-01-01 20:19:36,729 download image 1 http://mmbiz.qpic.cn/mmbiz_jpg/iacYjljtoTCiaFpD5X6OFibEY8xWicNCzBWkAMBKNLdRKfiap7VbXHbs4lzyvabNFnrlzynaR720olFtSUeKelEuVUQ/0?wx_fmt=jpeg
2019-01-01 20:19:37,707 download image 迷果芹—示叶（叶片顶端长尖，叶卵状披针形） http://mmbiz.qpic.cn/mmbiz_jpg/iacYjljtoTCiaFpD5X6OFibEY8xWicNCzBWku4ztprLd5uXia5KKF2hjmJd710j0TAb18ibymNccnIYSIKMuWSOQyOqA/0?wx_fmt=jpeg
2019-01-01 20:19:38,950 download image 2 http://mmbiz.qpic.cn/mmbiz_jpg/iacYjljtoTCgiaDtkkTOpGWGoyxq7ibC0XxBYrtANVXTG7icOtnG7eohGa9E8ACoWsEbwl4QcAHUso7ib7MuNRHlacg/0?wx_fmt=jpeg
2019-01-01 20:19:39,694 download image 野胡萝卜 http://mmbiz.qpic.cn/mmbiz_jpg/iacYjljtoTCiaFpD5X6OFibEY8xWicNCzBWkYuMy0ehxfwBX8gLb2Vo2TMviaEkgmEzE1lgcibJd8Ua9l9gnGhDRgAkg/0?wx_fmt=jpeg
2019-01-01 20:19:41,246 download image 蛇床—总苞片（很少，线状不羽裂） http://mmbiz.qpic.cn/mmbiz_jpg/iacYjljtoTCgiaDtkkTOpGWGoyxq7ibC0XxM4oVRuicjdnIUERuZ01JTfz7R2jIe83iaNib1vic9Q9m56jQuJez6mNfvA/0?wx_fmt=jpeg
2019-01-01 20:19:42,349 download image 你见到的可能是野胡萝卜（药材中的南鹤虱） http://mmbiz.qpic.cn/mmbiz_jpg/iacYjljtoTCiaFpD5X6OFibEY8xWicNCzBWkwBMLElOb5LeYlkjKqZfuSwwIWH1X0rqrMUibtlDgEd9IDhO54CPibic9g/0?wx_fmt=jpeg
2019-01-01 20:19:44,263 download image 药典里的蛇床子来源 http://mmbiz.qpic.cn/mmbiz_jpg/iacYjljtoTCiaFpD5X6OFibEY8xWicNCzBWkebzDGnl2GrtelIxB7n6IC6FlhS6R6TyjP70H2JL3u8uoeZ62f9nUmg/0?wx_fmt=jpeg
2019-01-01 20:19:44,918 download image 也会有可能是迷果芹（曾经做北沙参的一种掺伪品） http://mmbiz.qpic.cn/mmbiz_jpg/iacYjljtoTCiaFpD5X6OFibEY8xWicNCzBWkEz4A6RibUdUicdWiaMDp102ku4KGoc85SOfXG4Ud3C7iaFEHyY8qCymHibw/0?wx_fmt=jpeg
2019-01-01 20:20:06,957 download image 窃衣原植物 http://mmbiz.qpic.cn/mmbiz_jpg/iacYjljtoTCgiaDtkkTOpGWGoyxq7ibC0XxRh2wFpq3duArgdiccvNf3WO5eibEycSQmJO1HS81G45IsjCYppGIiaKVg/0?wx_fmt=jpeg
2019-01-01 20:20:07,394 download image 3 http://mmbiz.qpic.cn/mmbiz_jpg/iacYjljtoTCiaFpD5X6OFibEY8xWicNCzBWkIqA8IOmSefpC1Neawxwic1RRpbDTFT5MSyDQ4161xvXk8UMNTWyh1zA/0?wx_fmt=jpeg
2019-01-01 20:20:07,997 download image 4 http://mmbiz.qpic.cn/mmbiz_jpg/iacYjljtoTCiaFpD5X6OFibEY8xWicNCzBWkYxvp5XPQPglBYMtQibqKZMHibfE1IljmT9rnmutsApBszrnficl838zLA/0?wx_fmt=jpeg
2019-01-01 20:20:09,122 now crawl http://mp.weixin.qq.com/s?__biz=MzIwMDk5MzMzMQ==&mid=2247483787&idx=1&sn=c0c048ce0b78885e9ee42ec4b83ffdba#rd
2019-01-01 20:20:10,101 now analyse http://mp.weixin.qq.com/s?__biz=MzIwMDk5MzMzMQ==&mid=2247483787&idx=1&sn=c0c048ce0b78885e9ee42ec4b83ffdba#rd
2019-01-01 20:20:12,187 save images 6
2019-01-01 20:20:12,282 download image 看看羊耳蒜适合生长的环境是多漂亮 http://mmbiz.qpic.cn/mmbiz_jpg/iacYjljtoTChacAMZZL8NSMVU61nDvjFnIFJCFmic6BzPhNFOV67icicwGpIKziaWyUnpyksqqqHZvcxkUz1LQzoU5Q/0?wx_fmt=jpeg
2019-01-01 20:20:14,178 download image 羊耳蒜-——叶两片，叶基部呈波状（秦岭拍摄） http://mmbiz.qpic.cn/mmbiz_jpg/iacYjljtoTChacAMZZL8NSMVU61nDvjFn5zOreNR1NOMAscOCUqrC5j6g7iap9uhjCEa160ROU0MZvvT1fSXD9wA/0?wx_fmt=jpeg
2019-01-01 20:20:16,069 download image 羊耳蒜-——叶两片，叶基部呈波状（秦岭拍摄） http://mmbiz.qpic.cn/mmbiz_jpg/iacYjljtoTChacAMZZL8NSMVU61nDvjFnr0b1Xr0yLWobWTtQIVUaxc9kOgdzVrfbRRIRj75BTakfDgHCQeYPVw/0?wx_fmt=jpeg
2019-01-01 20:20:17,334 download image 0 http://mmbiz.qpic.cn/mmbiz_jpg/iacYjljtoTChacAMZZL8NSMVU61nDvjFnWBuBdrlJWmNwWsA92Fj6JD817IicdfhrHnvssWPA4wQOKRyCzP2Opwg/0?wx_fmt=jpeg
2019-01-01 20:20:18,490 download image 羊耳蒜-——叶两片，叶基部呈波状（秦岭拍摄） http://mmbiz.qpic.cn/mmbiz_jpg/iacYjljtoTChacAMZZL8NSMVU61nDvjFnicEqlfps9AKZ0lYbwRlXYmibk1rqic1UMKKGibLoSZVvoyqXEPcU3Ka2Xg/0?wx_fmt=jpeg
2019-01-01 20:20:20,828 download image 羊耳蒜原植物 http://mmbiz.qpic.cn/mmbiz_jpg/iacYjljtoTChacAMZZL8NSMVU61nDvjFnIoaQgQicvgKoRBLAibMAVJ5oU9CqQ6M8JWwiclfjDvdmll6W5Sjq5ZwBg/0?wx_fmt=jpeg
2019-01-01 20:20:22,792 now crawl http://mp.weixin.qq.com/s?__biz=MzIwMDk5MzMzMQ==&mid=2247483787&idx=2&sn=dd355e13dc29e8336e916b60d0d69bd6#rd
2019-01-01 20:20:23,719 now analyse http://mp.weixin.qq.com/s?__biz=MzIwMDk5MzMzMQ==&mid=2247483787&idx=2&sn=dd355e13dc29e8336e916b60d0d69bd6#rd
2019-01-01 20:20:27,006 save images 12
2019-01-01 20:20:27,131 download image 0 http://mmbiz.qpic.cn/mmbiz_jpg/iacYjljtoTCgVZhpyVgyMmE8VOJo2uQNYZm6ePOhVWpdMsOiaJlo1uo33Y727nvH2aMWWpuyRMdfLP0SzQMmiapbA/0?wx_fmt=jpeg
2019-01-01 20:20:28,888 download image 虎掌南星—示叶 http://mmbiz.qpic.cn/mmbiz_jpg/iacYjljtoTCgVZhpyVgyMmE8VOJo2uQNYZW6osalfNIUica1OzTB2m8pChZEDyQ6RSw9EdEmsWGoFwnicBtaKGpIQ/0?wx_fmt=jpeg
2019-01-01 20:20:29,543 download image 在北京延庆松山拍摄的天南星（一把伞南星）幼苗状 http://mmbiz.qpic.cn/mmbiz_jpg/iacYjljtoTCgVZhpyVgyMmE8VOJo2uQNY2MLPu07BZbicdYGjwwL2Or6Z9jFTdKnib8quO8IKjibgZhjXtNakWuibVA/0?wx_fmt=jpeg
2019-01-01 20:20:30,582 download image 东北南星全株 http://mmbiz.qpic.cn/mmbiz_jpg/iacYjljtoTCgVZhpyVgyMmE8VOJo2uQNY51iaKJYvg98f6UrmAmicIv5H473C9NWIfVI7UPcNgNSxFdjus45KZHtQ/0?wx_fmt=jpeg
2019-01-01 20:20:32,582 download image 1 http://mmbiz.qpic.cn/mmbiz_jpg/iacYjljtoTCgVZhpyVgyMmE8VOJo2uQNYGCyarXrMxzrBcGzxY846asChicuROO5iaVw8lCczS96nN05d4Aabr4mA/0?wx_fmt=jpeg
2019-01-01 20:20:33,823 download image 北京松山拍摄的虎掌（虎掌南星） http://mmbiz.qpic.cn/mmbiz_jpg/iacYjljtoTCgVZhpyVgyMmE8VOJo2uQNYOMhic5p1TfDJDtl7hG9K1RficloL1ylw5gGrHFtaV1hmxYD81fXlxwrQ/0?wx_fmt=jpeg
2019-01-01 20:20:34,855 download image 东北南星 http://mmbiz.qpic.cn/mmbiz_jpg/iacYjljtoTCgVZhpyVgyMmE8VOJo2uQNY37WjU9DylAYtfsoBkibs3cmLIJ2Y3UYv8XiauhRM5m5fMsTQ8vTDH0fQ/0?wx_fmt=jpeg
2019-01-01 20:20:36,197 download image 异叶天南星（天南星）近照 http://mmbiz.qpic.cn/mmbiz_jpg/iacYjljtoTCgVZhpyVgyMmE8VOJo2uQNYTkTBSQcJJpAp8ibpBNX7XWyDC4iaZjzSXaxVo2olULQf4GsMOpyTickuQ/0?wx_fmt=jpeg
2019-01-01 20:20:37,743 download image 2 http://mmbiz.qpic.cn/mmbiz_jpg/iacYjljtoTCgVZhpyVgyMmE8VOJo2uQNYtdIHJPegjicGMjKT2vv8qa52bwNHicpU3pmKoIrkGyhqFKiaUd11icK8wg/0?wx_fmt=jpeg
2019-01-01 20:20:39,029 download image 虎掌南星—示根（有侧芽） http://mmbiz.qpic.cn/mmbiz_jpg/iacYjljtoTCgVZhpyVgyMmE8VOJo2uQNYI7PnlicK5xGgAQ2FQZUyAfwuoW2LzFMuAYTbLo2nsnAfzeibZ78RziaVQ/0?wx_fmt=jpeg
2019-01-01 20:20:39,621 download image 天南星（一把伞南星）全株 http://mmbiz.qpic.cn/mmbiz_jpg/iacYjljtoTCgVZhpyVgyMmE8VOJo2uQNYmMD5yGhqbYogib4rkHQAiaia2IhoSke1UCwITibniaxib0y8BFV2awxz9uibw/0?wx_fmt=jpeg
2019-01-01 20:20:40,387 download image 异叶天南星（天南星） http://mmbiz.qpic.cn/mmbiz_jpg/iacYjljtoTCgVZhpyVgyMmE8VOJo2uQNYepMOs7oaUdn3qSUNBU7ZYiaFeCh8jiapxibusCKCJSVib0W11zE49ia6JRw/0?wx_fmt=jpeg
2019-01-01 20:20:42,473 now crawl http://mp.weixin.qq.com/s?__biz=MzIwMDk5MzMzMQ==&mid=2247483755&idx=1&sn=65f2e16aa3d8ca1dd2d91062cbc94d1e#rd
2019-01-01 20:20:42,914 now analyse http://mp.weixin.qq.com/s?__biz=MzIwMDk5MzMzMQ==&mid=2247483755&idx=1&sn=65f2e16aa3d8ca1dd2d91062cbc94d1e#rd
2019-01-01 20:20:45,105 save images 5
2019-01-01 20:20:45,292 download image 鹿药示根部 http://mmbiz.qpic.cn/mmbiz_jpg/iacYjljtoTChacAMZZL8NSMVU61nDvjFnbiacVDnwJLhmsvfTKfciaiafsa8WVpdCqI62Y18ZlvF2NfcuCjcABzrnQ/0?wx_fmt=jpeg
2019-01-01 20:20:46,604 download image -------------摘自《中华本草》 http://mmbiz.qpic.cn/mmbiz_jpg/iacYjljtoTChacAMZZL8NSMVU61nDvjFnKA8G2WmWPbUFCLwktGXYZTCrTqp5odiasLKl14ehoao4Q3n3rakzj3A/0?wx_fmt=jpeg
2019-01-01 20:20:48,473 download image 0 http://mmbiz.qpic.cn/mmbiz_jpg/iacYjljtoTChacAMZZL8NSMVU61nDvjFnnmcicm3mFxOv54SlnianTF38jwnWEltGw60r8ZY3oado5ye1Hj58E47Q/0?wx_fmt=jpeg
2019-01-01 20:20:49,917 download image 管花鹿药——管状花序明显 http://mmbiz.qpic.cn/mmbiz_jpg/iacYjljtoTChacAMZZL8NSMVU61nDvjFnAvTwelpd9AebqBdJtYBWy5Idiauu2b7t1b0Ww64wj0kN2Ta7vysoHvw/0?wx_fmt=jpeg
2019-01-01 20:20:50,489 download image 鹿药全株 http://mmbiz.qpic.cn/mmbiz_jpg/iacYjljtoTChacAMZZL8NSMVU61nDvjFnrAm9txwMpmiafcuxEC5DMehUugy9ES4g6jQkibZHIuqrPqLSxvoZFP6A/0?wx_fmt=jpeg
2019-01-01 20:20:52,427 now crawl http://mp.weixin.qq.com/s?__biz=MzIwMDk5MzMzMQ==&mid=2247483755&idx=2&sn=40852985a9c5a4fb092fbe72ba10562d#rd
2019-01-01 20:20:53,016 now analyse http://mp.weixin.qq.com/s?__biz=MzIwMDk5MzMzMQ==&mid=2247483755&idx=2&sn=40852985a9c5a4fb092fbe72ba10562d#rd
2019-01-01 20:20:59,897 save images 12
2019-01-01 20:21:00,147 download image 隔山消同样也叫耳叶牛皮消，因叶片基部呈耳状心形，叶片贴伏微柔毛，且叶片先端骤短尖，可与此区别牛皮消。 http://mmbiz.qpic.cn/mmbiz_jpg/iacYjljtoTChacAMZZL8NSMVU61nDvjFn4FVwcTB6U5nVWTWRLL1s3eMCE0Y2HXfJ3Imn44HWlbePKYYficKia8wA/0?wx_fmt=jpeg
2019-01-01 20:21:01,234 download image 0 http://mmbiz.qpic.cn/mmbiz_jpg/iacYjljtoTChacAMZZL8NSMVU61nDvjFnkv9uMZzt1QIHmFtVuYz6ibUOmWUhr0HuOickkBt5rAGUich5W7ILP5zxQ/0?wx_fmt=jpeg
2019-01-01 20:21:02,907 download image 1 http://mmbiz.qpic.cn/mmbiz_jpg/iacYjljtoTChacAMZZL8NSMVU61nDvjFnRjsfD2qpicvX1uwnyibHfeyPiaz9ryb30qz1jMSyfcJibXkf8ibkRTEO18w/0?wx_fmt=jpeg
2019-01-01 20:21:03,825 download image 2 http://mmbiz.qpic.cn/mmbiz_jpg/iacYjljtoTChacAMZZL8NSMVU61nDvjFnsic45Cwtf4twBy8atLLXb5F0jiaID5XpWnPKvUMrTia0QzpUj1x9hDrYA/0?wx_fmt=jpeg
2019-01-01 20:21:05,052 download image 隔山消（耳叶牛皮消） http://mmbiz.qpic.cn/mmbiz_jpg/iacYjljtoTChacAMZZL8NSMVU61nDvjFnFOxCggqmL0HMBUH2EDqsuLLiaoAZksVdGTg90qSvjNMJWZG7qo3Ua0Q/0?wx_fmt=jpeg
2019-01-01 20:21:06,240 download image 3 http://mmbiz.qpic.cn/mmbiz_jpg/iacYjljtoTChacAMZZL8NSMVU61nDvjFnrHBmOEVicJhicTehD6sSzm4ktMgaplbMiaelqWicMI8jWKUDZgibsKut75g/0?wx_fmt=jpeg
2019-01-01 20:21:07,599 download image 4 http://mmbiz.qpic.cn/mmbiz_jpg/iacYjljtoTChacAMZZL8NSMVU61nDvjFngdqJicCTibWmzNbgPkHOPh16pBOcZBEiaoB9jFOjLWO5s4v6MRvg4cIzw/0?wx_fmt=jpeg
2019-01-01 20:21:09,240 download image 《中华本草》论述来源-----牛皮消和戟叶牛皮消 http://mmbiz.qpic.cn/mmbiz_jpg/iacYjljtoTChacAMZZL8NSMVU61nDvjFnlhPwftNc5snNwACpEH2eA15QkR5wup8rpXtjN9xjQwwTQpPFHH44lw/0?wx_fmt=jpeg
2019-01-01 20:21:10,303 download image 5 http://mmbiz.qpic.cn/mmbiz_jpg/iacYjljtoTChacAMZZL8NSMVU61nDvjFnfculeM1y4L0Vicib2jkYkK0EVmuJ9KXoca3GdfIZfyia9kND7ft1bsLJA/0?wx_fmt=jpeg
2019-01-01 20:21:12,240 download image 《中药大辞典》论述来源——大根牛皮消

《中华本草》论述来源-----牛皮消和戟叶牛皮消 http://mmbiz.qpic.cn/mmbiz_jpg/iacYjljtoTChacAMZZL8NSMVU61nDvjFnIJvCa3Dp5Ma89e5TfxqSDWmJzC5nw4h7sicgHlVzYW1xibMSZo4AFVUA/0?wx_fmt=jpeg
2019-01-01 20:21:14,381 download image 先看看本草三大权威怎么说的。 http://mmbiz.qpic.cn/mmbiz_jpg/iacYjljtoTChacAMZZL8NSMVU61nDvjFnm241ebnh8kxHP5Maxuq9IVA4tnlcH9wq47aRo8JNBN3KmXibicXAhWQA/0?wx_fmt=jpeg
2019-01-01 20:21:15,085 download image 6 http://mmbiz.qpic.cn/mmbiz_jpg/iacYjljtoTChacAMZZL8NSMVU61nDvjFnc5myLial33pbUXadHBHrf7hA56G7OnhydFCNnotUVCfYic9wy2A1VV7w/0?wx_fmt=jpeg
2019-01-01 20:21:16,776 now crawl http://mp.weixin.qq.com/s?__biz=MzIwMDk5MzMzMQ==&mid=2247483712&idx=1&sn=3f6b21271f294998826311b1c58718a0#rd
2019-01-01 20:21:17,141 now analyse http://mp.weixin.qq.com/s?__biz=MzIwMDk5MzMzMQ==&mid=2247483712&idx=1&sn=3f6b21271f294998826311b1c58718a0#rd
2019-01-01 20:21:19,321 save images 6
2019-01-01 20:21:19,430 download image 0 http://mmbiz.qpic.cn/mmbiz_jpg/iacYjljtoTCiavTzb2Nia5ibl2rpSg9beACibkB0LSJ0tn1R3Fh5qUOQQoxvLfLrAuv2TZY0Ziaia5vVkv0caib0Cm8gyA/0?wx_fmt=jpeg
2019-01-01 20:21:20,744 download image 太白米示鳞茎 http://mmbiz.qpic.cn/mmbiz_jpg/iacYjljtoTCiavTzb2Nia5ibl2rpSg9beACibEpEqCn6ljvH1tPcwGt9CufQ9TXWXCvyF8icEXZKEYIVhdMMbsibwnM2A/0?wx_fmt=jpeg
2019-01-01 20:21:22,496 download image 1 http://mmbiz.qpic.cn/mmbiz_jpg/iacYjljtoTCiavTzb2Nia5ibl2rpSg9beACibTJicMfibK50jCiaq4FMTnUrtRMgpOibw16M10pbsC3ibYFOl8kiajibUNib4bQ/0?wx_fmt=jpeg
2019-01-01 20:21:24,263 download image 太白米示鳞茎 http://mmbiz.qpic.cn/mmbiz_jpg/iacYjljtoTCiavTzb2Nia5ibl2rpSg9beACib4eRtDCwXEEL4x3FPRrEnv1Q4OPJLnRSyg15H4ib0z6bLPppjyxy1wbg/0?wx_fmt=jpeg
2019-01-01 20:21:25,380 download image 2 http://mmbiz.qpic.cn/mmbiz_jpg/iacYjljtoTCiavTzb2Nia5ibl2rpSg9beACib6LbpqPBYOzMQHgymnj12fTQUQ5tY2N70xGThfuVoJmQT0VjPuzbAXA/0?wx_fmt=jpeg
2019-01-01 20:21:26,773 download image ---------摘录《中华本草》 http://mmbiz.qpic.cn/mmbiz_jpg/iacYjljtoTCiavTzb2Nia5ibl2rpSg9beACibIzagxKSibPmBSgicfq5pYAm0osl8RwaTibowRv9iaR5qtSw8To9lKkm4gA/0?wx_fmt=jpeg
2019-01-01 20:21:28,552 now crawl http://mp.weixin.qq.com/s?__biz=MzIwMDk5MzMzMQ==&mid=2247483687&idx=1&sn=106f05a7f72bfb19c148ecd61e92b9fa#rd
2019-01-01 20:21:29,091 now analyse http://mp.weixin.qq.com/s?__biz=MzIwMDk5MzMzMQ==&mid=2247483687&idx=1&sn=106f05a7f72bfb19c148ecd61e92b9fa#rd
2019-01-01 20:21:31,911 save images 7
2019-01-01 20:21:32,052 download image 黄花瓦松 http://mmbiz.qpic.cn/mmbiz_jpg/iacYjljtoTCiavTzb2Nia5ibl2rpSg9beACibMN2FcgicbIk2XRst2DOf0pECiaWBdZzUjqfTjno1SDnXV8grvibagM05A/0?wx_fmt=jpeg
2019-01-01 20:21:33,367 download image 瓦红瓦松
一年生的瓦松“莲座“状 http://mmbiz.qpic.cn/mmbiz_jpg/iacYjljtoTCiavTzb2Nia5ibl2rpSg9beACibGdJHCmk1LAa2q5VGOtadehFgpK6slDCKp9Ok1F1KExjh7jHyjG5F6Q/0?wx_fmt=jpeg
2019-01-01 20:21:35,522 download image 易混品—高山金发藓 http://mmbiz.qpic.cn/mmbiz_jpg/iacYjljtoTCiavTzb2Nia5ibl2rpSg9beACibgVsHibs57WDgqAapWz210C4rcrZNDjWPbtMrGV4ZJ8AyEsbL3qd4L7Q/0?wx_fmt=jpeg
2019-01-01 20:21:37,522 download image 瓦松原植物 http://mmbiz.qpic.cn/mmbiz_jpg/iacYjljtoTCiavTzb2Nia5ibl2rpSg9beACib0yzKmhjGnYSlkqHibJTUUWaoia6MricWQbaCHiaFJldG0yOgKNXEVZ5slw/0?wx_fmt=jpeg
2019-01-01 20:21:38,302 download image 0 http://mmbiz.qpic.cn/mmbiz_jpg/iacYjljtoTCiavTzb2Nia5ibl2rpSg9beACibj6KPhQCK9lNiawOiaBOnbsovvZB6wmrRIRw8KPY54Ficx2vLIjL0tzV0A/0?wx_fmt=jpeg
2019-01-01 20:21:39,848 download image 黄花瓦松 http://mmbiz.qpic.cn/mmbiz_jpg/iacYjljtoTCiavTzb2Nia5ibl2rpSg9beACib2prUVQOUG1jGyNaWYC45Tk2jnGppQhrOv5S7PcvEgvydXcRefLf9Gg/0?wx_fmt=jpeg
2019-01-01 20:21:41,426 download image 钝叶瓦松 http://mmbiz.qpic.cn/mmbiz_jpg/iacYjljtoTCiavTzb2Nia5ibl2rpSg9beACiboBIiackIW5CIRqsJSibDHHCTPriaPg64S1N54t4tWkFqJAoyibN1Cv2Lfg/0?wx_fmt=jpeg
2019-01-01 20:21:42,839 now crawl http://mp.weixin.qq.com/s?__biz=MzIwMDk5MzMzMQ==&mid=2247483668&idx=1&sn=006e77b67a8944564c9fe1e2efb9b5ea#rd
2019-01-01 20:21:43,408 now analyse http://mp.weixin.qq.com/s?__biz=MzIwMDk5MzMzMQ==&mid=2247483668&idx=1&sn=006e77b67a8944564c9fe1e2efb9b5ea#rd
2019-01-01 20:21:44,062 save images 2
2019-01-01 20:21:44,234 download image 0 http://mmbiz.qpic.cn/mmbiz_jpg/iacYjljtoTChq8Fcokew1XPDXibA2FuAzzOhmDiaiaO5vBgFXcv3hmzl1UNGCmLBAsTUybYeDJibw54cnFbCibmtlBsA/0?wx_fmt=jpeg
2019-01-01 20:21:45,976 download image 空洞参的生境 http://mmbiz.qpic.cn/mmbiz_jpg/iacYjljtoTCjSTxsliaOZuH6zHQH3siauXzqtf3ibpl59lrUbJ1LRrCnB1WvncCvovdBdrULVuiaiaeYYXb5oKhfcfcQ/0?wx_fmt=jpeg
2019-01-01 20:21:47,428 finished
